Terminals which are not used

   SPECIALCHAR


State 21 conflicts: 21 shift/reduce
State 25 conflicts: 2 shift/reduce
State 34 conflicts: 25 shift/reduce
State 36 conflicts: 24 shift/reduce
State 38 conflicts: 20 shift/reduce
State 82 conflicts: 2 shift/reduce
State 88 conflicts: 2 shift/reduce
State 94 conflicts: 20 shift/reduce
State 95 conflicts: 21 reduce/reduce
State 100 conflicts: 20 shift/reduce
State 101 conflicts: 21 reduce/reduce
State 102 conflicts: 20 reduce/reduce
State 104 conflicts: 20 reduce/reduce


Grammar

    0 $accept: markdownfile $end

    1 markdownfile: blocks

    2 blocks: blocks block
    3       | /* empty */

    4 block: header
    5      | paragraph
    6      | error

    7 header: LF_H inline_elements LINEBREAK

    8 paragraph: lines

    9 lines: lines line
   10      | line

   11 line: inline_elements LINEBREAK
   12     | inline_elements
   13     | BLANKLINE

   14 inline_elements: inline_elements inline_element
   15                | inline_element

   16 inline_element: inline_text
   17               | link
   18               | image
   19               | italic
   20               | strong
   21               | linethrough
   22               | inlinecode

   23 inline_text: inline_text inline_text_item
   24            | inline_text_item

   25 inline_text_item: LESSTHAN
   26                 | LARGERTHAN
   27                 | TRIPLEBACKTICK
   28                 | VERTICAL
   29                 | PLUS
   30                 | MINUS
   31                 | DIGIT
   32                 | DOT
   33                 | INDENT
   34                 | SPACE
   35                 | EXCLAMATION
   36                 | LEFTSQUARE
   37                 | RIGHTSQUARE
   38                 | LEFTBRACKET
   39                 | RIGHTBRACKET
   40                 | DOUBLEUNDERSCORE
   41                 | UNDERSCORE
   42                 | LEFTPARENTHESIS
   43                 | RIGHTPARENTHESIS
   44                 | TEXT

   45 inline_code_text: inline_code_text inline_code_text_item
   46                 | inline_code_text_item

   47 inline_code_text_item: inline_text_item
   48                      | H
   49                      | ASTERISK
   50                      | DOUBLEASTERISK
   51                      | DOUBLETILDE

   52 link: LEFTSQUARE inline_text RIGHTSQUARE LEFTBRACKET inline_text RIGHTBRACKET
   53     | LEFTSQUARE inline_text RIGHTSQUARE LEFTBRACKET inline_text SPACE inline_text RIGHTBRACKET
   54     | LEFTSQUARE inline_text RIGHTSQUARE LEFTBRACKET inline_text error
   55     | LEFTSQUARE inline_text RIGHTSQUARE LEFTBRACKET error
   56     | LEFTSQUARE inline_text RIGHTSQUARE error
   57     | LEFTSQUARE inline_text error
   58     | LEFTSQUARE error

   59 image: EXCLAMATION LEFTSQUARE inline_text RIGHTSQUARE LEFTBRACKET inline_text RIGHTBRACKET
   60      | EXCLAMATION LEFTSQUARE inline_text RIGHTSQUARE LEFTBRACKET inline_text SPACE inline_text RIGHTBRACKET
   61      | EXCLAMATION LEFTSQUARE inline_text RIGHTSQUARE LEFTBRACKET inline_text error
   62      | EXCLAMATION LEFTSQUARE inline_text RIGHTSQUARE LEFTBRACKET error
   63      | EXCLAMATION LEFTSQUARE inline_text RIGHTSQUARE error
   64      | EXCLAMATION LEFTSQUARE inline_text error
   65      | EXCLAMATION LEFTSQUARE error
   66      | EXCLAMATION error

   67 italic: ASTERISK inline_text ASTERISK
   68       | ASTERISK inline_text error
   69       | ASTERISK error

   70 strong: DOUBLEASTERISK inline_text DOUBLEASTERISK
   71       | DOUBLEASTERISK inline_text error
   72       | DOUBLEASTERISK error

   73 linethrough: DOUBLETILDE inline_text DOUBLETILDE
   74            | DOUBLETILDE inline_text error
   75            | DOUBLETILDE error

   76 inlinecode: BACKTICK inline_code_text BACKTICK
   77           | BACKTICK inline_code_text error
   78           | BACKTICK error


Terminals, with rules where they appear

$end (0) 0
error (256) 6 54 55 56 57 58 61 62 63 64 65 66 68 69 71 72 74 75 77
    78
BLANKLINE (258) 13
LINEBREAK (259) 7 11
H (260) 48
LF_H (261) 7
SPECIALCHAR (262)
LESSTHAN (263) 25
LARGERTHAN (264) 26
TRIPLEBACKTICK (265) 27
BACKTICK (266) 76 77 78
VERTICAL (267) 28
DOUBLEASTERISK (268) 50 70 71 72
DOUBLETILDE (269) 51 73 74 75
ASTERISK (270) 49 67 68 69
PLUS (271) 29
MINUS (272) 30
DIGIT (273) 31
DOT (274) 32
INDENT (275) 33
SPACE (276) 34 53 60
LEFTSQUARE (277) 36 52 53 54 55 56 57 58 59 60 61 62 63 64 65
RIGHTSQUARE (278) 37 52 53 54 55 56 59 60 61 62 63
LEFTBRACKET (279) 38 52 53 54 55 59 60 61 62
RIGHTBRACKET (280) 39 52 53 59 60
EXCLAMATION (281) 35 59 60 61 62 63 64 65 66
DOUBLEUNDERSCORE (282) 40
UNDERSCORE (283) 41
LEFTPARENTHESIS (284) 42
RIGHTPARENTHESIS (285) 43
TEXT (286) 44


Nonterminals, with rules where they appear

$accept (32)
    on left: 0
markdownfile (33)
    on left: 1, on right: 0
blocks (34)
    on left: 2 3, on right: 1 2
block (35)
    on left: 4 5 6, on right: 2
header (36)
    on left: 7, on right: 4
paragraph (37)
    on left: 8, on right: 5
lines (38)
    on left: 9 10, on right: 8 9
line (39)
    on left: 11 12 13, on right: 9 10
inline_elements (40)
    on left: 14 15, on right: 7 11 12 14
inline_element (41)
    on left: 16 17 18 19 20 21 22, on right: 14 15
inline_text (42)
    on left: 23 24, on right: 16 23 52 53 54 55 56 57 59 60 61 62 63
    64 67 68 70 71 73 74
inline_text_item (43)
    on left: 25 26 27 28 29 30 31 32 33 34 35 36 37 38 39 40 41 42
    43 44, on right: 23 24 47
inline_code_text (44)
    on left: 45 46, on right: 45 76 77
inline_code_text_item (45)
    on left: 47 48 49 50 51, on right: 45 46
link (46)
    on left: 52 53 54 55 56 57 58, on right: 17
image (47)
    on left: 59 60 61 62 63 64 65 66, on right: 18
italic (48)
    on left: 67 68 69, on right: 19
strong (49)
    on left: 70 71 72, on right: 20
linethrough (50)
    on left: 73 74 75, on right: 21
inlinecode (51)
    on left: 76 77 78, on right: 22


state 0

    0 $accept: . markdownfile $end

    $default  reduce using rule 3 (blocks)

    markdownfile  go to state 1
    blocks        go to state 2


state 1

    0 $accept: markdownfile . $end

    $end  shift, and go to state 3


state 2

    1 markdownfile: blocks .
    2 blocks: blocks . block

    error             shift, and go to state 4
    BLANKLINE         shift, and go to state 5
    LF_H              shift, and go to state 6
    LESSTHAN          shift, and go to state 7
    LARGERTHAN        shift, and go to state 8
    TRIPLEBACKTICK    shift, and go to state 9
    BACKTICK          shift, and go to state 10
    VERTICAL          shift, and go to state 11
    DOUBLEASTERISK    shift, and go to state 12
    DOUBLETILDE       shift, and go to state 13
    ASTERISK          shift, and go to state 14
    PLUS              shift, and go to state 15
    MINUS             shift, and go to state 16
    DIGIT             shift, and go to state 17
    DOT               shift, and go to state 18
    INDENT            shift, and go to state 19
    SPACE             shift, and go to state 20
    LEFTSQUARE        shift, and go to state 21
    RIGHTSQUARE       shift, and go to state 22
    LEFTBRACKET       shift, and go to state 23
    RIGHTBRACKET      shift, and go to state 24
    EXCLAMATION       shift, and go to state 25
    DOUBLEUNDERSCORE  shift, and go to state 26
    UNDERSCORE        shift, and go to state 27
    LEFTPARENTHESIS   shift, and go to state 28
    RIGHTPARENTHESIS  shift, and go to state 29
    TEXT              shift, and go to state 30

    $end  reduce using rule 1 (markdownfile)

    block             go to state 31
    header            go to state 32
    paragraph         go to state 33
    lines             go to state 34
    line              go to state 35
    inline_elements   go to state 36
    inline_element    go to state 37
    inline_text       go to state 38
    inline_text_item  go to state 39
    link              go to state 40
    image             go to state 41
    italic            go to state 42
    strong            go to state 43
    linethrough       go to state 44
    inlinecode        go to state 45


state 3

    0 $accept: markdownfile $end .

    $default  accept


state 4

    6 block: error .

    $default  reduce using rule 6 (block)


state 5

   13 line: BLANKLINE .

    $default  reduce using rule 13 (line)


state 6

    7 header: LF_H . inline_elements LINEBREAK

    LESSTHAN          shift, and go to state 7
    LARGERTHAN        shift, and go to state 8
    TRIPLEBACKTICK    shift, and go to state 9
    BACKTICK          shift, and go to state 10
    VERTICAL          shift, and go to state 11
    DOUBLEASTERISK    shift, and go to state 12
    DOUBLETILDE       shift, and go to state 13
    ASTERISK          shift, and go to state 14
    PLUS              shift, and go to state 15
    MINUS             shift, and go to state 16
    DIGIT             shift, and go to state 17
    DOT               shift, and go to state 18
    INDENT            shift, and go to state 19
    SPACE             shift, and go to state 20
    LEFTSQUARE        shift, and go to state 21
    RIGHTSQUARE       shift, and go to state 22
    LEFTBRACKET       shift, and go to state 23
    RIGHTBRACKET      shift, and go to state 24
    EXCLAMATION       shift, and go to state 25
    DOUBLEUNDERSCORE  shift, and go to state 26
    UNDERSCORE        shift, and go to state 27
    LEFTPARENTHESIS   shift, and go to state 28
    RIGHTPARENTHESIS  shift, and go to state 29
    TEXT              shift, and go to state 30

    inline_elements   go to state 46
    inline_element    go to state 37
    inline_text       go to state 38
    inline_text_item  go to state 39
    link              go to state 40
    image             go to state 41
    italic            go to state 42
    strong            go to state 43
    linethrough       go to state 44
    inlinecode        go to state 45


state 7

   25 inline_text_item: LESSTHAN .

    $default  reduce using rule 25 (inline_text_item)


state 8

   26 inline_text_item: LARGERTHAN .

    $default  reduce using rule 26 (inline_text_item)


state 9

   27 inline_text_item: TRIPLEBACKTICK .

    $default  reduce using rule 27 (inline_text_item)


state 10

   76 inlinecode: BACKTICK . inline_code_text BACKTICK
   77           | BACKTICK . inline_code_text error
   78           | BACKTICK . error

    error             shift, and go to state 47
    H                 shift, and go to state 48
    LESSTHAN          shift, and go to state 7
    LARGERTHAN        shift, and go to state 8
    TRIPLEBACKTICK    shift, and go to state 9
    VERTICAL          shift, and go to state 11
    DOUBLEASTERISK    shift, and go to state 49
    DOUBLETILDE       shift, and go to state 50
    ASTERISK          shift, and go to state 51
    PLUS              shift, and go to state 15
    MINUS             shift, and go to state 16
    DIGIT             shift, and go to state 17
    DOT               shift, and go to state 18
    INDENT            shift, and go to state 19
    SPACE             shift, and go to state 20
    LEFTSQUARE        shift, and go to state 52
    RIGHTSQUARE       shift, and go to state 22
    LEFTBRACKET       shift, and go to state 23
    RIGHTBRACKET      shift, and go to state 24
    EXCLAMATION       shift, and go to state 53
    DOUBLEUNDERSCORE  shift, and go to state 26
    UNDERSCORE        shift, and go to state 27
    LEFTPARENTHESIS   shift, and go to state 28
    RIGHTPARENTHESIS  shift, and go to state 29
    TEXT              shift, and go to state 30

    inline_text_item       go to state 54
    inline_code_text       go to state 55
    inline_code_text_item  go to state 56


state 11

   28 inline_text_item: VERTICAL .

    $default  reduce using rule 28 (inline_text_item)


state 12

   70 strong: DOUBLEASTERISK . inline_text DOUBLEASTERISK
   71       | DOUBLEASTERISK . inline_text error
   72       | DOUBLEASTERISK . error

    error             shift, and go to state 57
    LESSTHAN          shift, and go to state 7
    LARGERTHAN        shift, and go to state 8
    TRIPLEBACKTICK    shift, and go to state 9
    VERTICAL          shift, and go to state 11
    PLUS              shift, and go to state 15
    MINUS             shift, and go to state 16
    DIGIT             shift, and go to state 17
    DOT               shift, and go to state 18
    INDENT            shift, and go to state 19
    SPACE             shift, and go to state 20
    LEFTSQUARE        shift, and go to state 52
    RIGHTSQUARE       shift, and go to state 22
    LEFTBRACKET       shift, and go to state 23
    RIGHTBRACKET      shift, and go to state 24
    EXCLAMATION       shift, and go to state 53
    DOUBLEUNDERSCORE  shift, and go to state 26
    UNDERSCORE        shift, and go to state 27
    LEFTPARENTHESIS   shift, and go to state 28
    RIGHTPARENTHESIS  shift, and go to state 29
    TEXT              shift, and go to state 30

    inline_text       go to state 58
    inline_text_item  go to state 39


state 13

   73 linethrough: DOUBLETILDE . inline_text DOUBLETILDE
   74            | DOUBLETILDE . inline_text error
   75            | DOUBLETILDE . error

    error             shift, and go to state 59
    LESSTHAN          shift, and go to state 7
    LARGERTHAN        shift, and go to state 8
    TRIPLEBACKTICK    shift, and go to state 9
    VERTICAL          shift, and go to state 11
    PLUS              shift, and go to state 15
    MINUS             shift, and go to state 16
    DIGIT             shift, and go to state 17
    DOT               shift, and go to state 18
    INDENT            shift, and go to state 19
    SPACE             shift, and go to state 20
    LEFTSQUARE        shift, and go to state 52
    RIGHTSQUARE       shift, and go to state 22
    LEFTBRACKET       shift, and go to state 23
    RIGHTBRACKET      shift, and go to state 24
    EXCLAMATION       shift, and go to state 53
    DOUBLEUNDERSCORE  shift, and go to state 26
    UNDERSCORE        shift, and go to state 27
    LEFTPARENTHESIS   shift, and go to state 28
    RIGHTPARENTHESIS  shift, and go to state 29
    TEXT              shift, and go to state 30

    inline_text       go to state 60
    inline_text_item  go to state 39


state 14

   67 italic: ASTERISK . inline_text ASTERISK
   68       | ASTERISK . inline_text error
   69       | ASTERISK . error

    error             shift, and go to state 61
    LESSTHAN          shift, and go to state 7
    LARGERTHAN        shift, and go to state 8
    TRIPLEBACKTICK    shift, and go to state 9
    VERTICAL          shift, and go to state 11
    PLUS              shift, and go to state 15
    MINUS             shift, and go to state 16
    DIGIT             shift, and go to state 17
    DOT               shift, and go to state 18
    INDENT            shift, and go to state 19
    SPACE             shift, and go to state 20
    LEFTSQUARE        shift, and go to state 52
    RIGHTSQUARE       shift, and go to state 22
    LEFTBRACKET       shift, and go to state 23
    RIGHTBRACKET      shift, and go to state 24
    EXCLAMATION       shift, and go to state 53
    DOUBLEUNDERSCORE  shift, and go to state 26
    UNDERSCORE        shift, and go to state 27
    LEFTPARENTHESIS   shift, and go to state 28
    RIGHTPARENTHESIS  shift, and go to state 29
    TEXT              shift, and go to state 30

    inline_text       go to state 62
    inline_text_item  go to state 39


state 15

   29 inline_text_item: PLUS .

    $default  reduce using rule 29 (inline_text_item)


state 16

   30 inline_text_item: MINUS .

    $default  reduce using rule 30 (inline_text_item)


state 17

   31 inline_text_item: DIGIT .

    $default  reduce using rule 31 (inline_text_item)


state 18

   32 inline_text_item: DOT .

    $default  reduce using rule 32 (inline_text_item)


state 19

   33 inline_text_item: INDENT .

    $default  reduce using rule 33 (inline_text_item)


state 20

   34 inline_text_item: SPACE .

    $default  reduce using rule 34 (inline_text_item)


state 21

   36 inline_text_item: LEFTSQUARE .
   52 link: LEFTSQUARE . inline_text RIGHTSQUARE LEFTBRACKET inline_text RIGHTBRACKET
   53     | LEFTSQUARE . inline_text RIGHTSQUARE LEFTBRACKET inline_text SPACE inline_text RIGHTBRACKET
   54     | LEFTSQUARE . inline_text RIGHTSQUARE LEFTBRACKET inline_text error
   55     | LEFTSQUARE . inline_text RIGHTSQUARE LEFTBRACKET error
   56     | LEFTSQUARE . inline_text RIGHTSQUARE error
   57     | LEFTSQUARE . inline_text error
   58     | LEFTSQUARE . error

    error             shift, and go to state 63
    LESSTHAN          shift, and go to state 7
    LARGERTHAN        shift, and go to state 8
    TRIPLEBACKTICK    shift, and go to state 9
    VERTICAL          shift, and go to state 11
    PLUS              shift, and go to state 15
    MINUS             shift, and go to state 16
    DIGIT             shift, and go to state 17
    DOT               shift, and go to state 18
    INDENT            shift, and go to state 19
    SPACE             shift, and go to state 20
    LEFTSQUARE        shift, and go to state 52
    RIGHTSQUARE       shift, and go to state 22
    LEFTBRACKET       shift, and go to state 23
    RIGHTBRACKET      shift, and go to state 24
    EXCLAMATION       shift, and go to state 53
    DOUBLEUNDERSCORE  shift, and go to state 26
    UNDERSCORE        shift, and go to state 27
    LEFTPARENTHESIS   shift, and go to state 28
    RIGHTPARENTHESIS  shift, and go to state 29
    TEXT              shift, and go to state 30

    $end              reduce using rule 36 (inline_text_item)
    error             [reduce using rule 36 (inline_text_item)]
    BLANKLINE         reduce using rule 36 (inline_text_item)
    LINEBREAK         reduce using rule 36 (inline_text_item)
    LF_H              reduce using rule 36 (inline_text_item)
    LESSTHAN          [reduce using rule 36 (inline_text_item)]
    LARGERTHAN        [reduce using rule 36 (inline_text_item)]
    TRIPLEBACKTICK    [reduce using rule 36 (inline_text_item)]
    BACKTICK          reduce using rule 36 (inline_text_item)
    VERTICAL          [reduce using rule 36 (inline_text_item)]
    DOUBLEASTERISK    reduce using rule 36 (inline_text_item)
    DOUBLETILDE       reduce using rule 36 (inline_text_item)
    ASTERISK          reduce using rule 36 (inline_text_item)
    PLUS              [reduce using rule 36 (inline_text_item)]
    MINUS             [reduce using rule 36 (inline_text_item)]
    DIGIT             [reduce using rule 36 (inline_text_item)]
    DOT               [reduce using rule 36 (inline_text_item)]
    INDENT            [reduce using rule 36 (inline_text_item)]
    SPACE             [reduce using rule 36 (inline_text_item)]
    LEFTSQUARE        [reduce using rule 36 (inline_text_item)]
    RIGHTSQUARE       [reduce using rule 36 (inline_text_item)]
    LEFTBRACKET       [reduce using rule 36 (inline_text_item)]
    RIGHTBRACKET      [reduce using rule 36 (inline_text_item)]
    EXCLAMATION       [reduce using rule 36 (inline_text_item)]
    DOUBLEUNDERSCORE  [reduce using rule 36 (inline_text_item)]
    UNDERSCORE        [reduce using rule 36 (inline_text_item)]
    LEFTPARENTHESIS   [reduce using rule 36 (inline_text_item)]
    RIGHTPARENTHESIS  [reduce using rule 36 (inline_text_item)]
    TEXT              [reduce using rule 36 (inline_text_item)]

    inline_text       go to state 64
    inline_text_item  go to state 39


state 22

   37 inline_text_item: RIGHTSQUARE .

    $default  reduce using rule 37 (inline_text_item)


state 23

   38 inline_text_item: LEFTBRACKET .

    $default  reduce using rule 38 (inline_text_item)


state 24

   39 inline_text_item: RIGHTBRACKET .

    $default  reduce using rule 39 (inline_text_item)


state 25

   35 inline_text_item: EXCLAMATION .
   59 image: EXCLAMATION . LEFTSQUARE inline_text RIGHTSQUARE LEFTBRACKET inline_text RIGHTBRACKET
   60      | EXCLAMATION . LEFTSQUARE inline_text RIGHTSQUARE LEFTBRACKET inline_text SPACE inline_text RIGHTBRACKET
   61      | EXCLAMATION . LEFTSQUARE inline_text RIGHTSQUARE LEFTBRACKET inline_text error
   62      | EXCLAMATION . LEFTSQUARE inline_text RIGHTSQUARE LEFTBRACKET error
   63      | EXCLAMATION . LEFTSQUARE inline_text RIGHTSQUARE error
   64      | EXCLAMATION . LEFTSQUARE inline_text error
   65      | EXCLAMATION . LEFTSQUARE error
   66      | EXCLAMATION . error

    error       shift, and go to state 65
    LEFTSQUARE  shift, and go to state 66

    $end              reduce using rule 35 (inline_text_item)
    error             [reduce using rule 35 (inline_text_item)]
    BLANKLINE         reduce using rule 35 (inline_text_item)
    LINEBREAK         reduce using rule 35 (inline_text_item)
    LF_H              reduce using rule 35 (inline_text_item)
    LESSTHAN          reduce using rule 35 (inline_text_item)
    LARGERTHAN        reduce using rule 35 (inline_text_item)
    TRIPLEBACKTICK    reduce using rule 35 (inline_text_item)
    BACKTICK          reduce using rule 35 (inline_text_item)
    VERTICAL          reduce using rule 35 (inline_text_item)
    DOUBLEASTERISK    reduce using rule 35 (inline_text_item)
    DOUBLETILDE       reduce using rule 35 (inline_text_item)
    ASTERISK          reduce using rule 35 (inline_text_item)
    PLUS              reduce using rule 35 (inline_text_item)
    MINUS             reduce using rule 35 (inline_text_item)
    DIGIT             reduce using rule 35 (inline_text_item)
    DOT               reduce using rule 35 (inline_text_item)
    INDENT            reduce using rule 35 (inline_text_item)
    SPACE             reduce using rule 35 (inline_text_item)
    LEFTSQUARE        [reduce using rule 35 (inline_text_item)]
    RIGHTSQUARE       reduce using rule 35 (inline_text_item)
    LEFTBRACKET       reduce using rule 35 (inline_text_item)
    RIGHTBRACKET      reduce using rule 35 (inline_text_item)
    EXCLAMATION       reduce using rule 35 (inline_text_item)
    DOUBLEUNDERSCORE  reduce using rule 35 (inline_text_item)
    UNDERSCORE        reduce using rule 35 (inline_text_item)
    LEFTPARENTHESIS   reduce using rule 35 (inline_text_item)
    RIGHTPARENTHESIS  reduce using rule 35 (inline_text_item)
    TEXT              reduce using rule 35 (inline_text_item)


state 26

   40 inline_text_item: DOUBLEUNDERSCORE .

    $default  reduce using rule 40 (inline_text_item)


state 27

   41 inline_text_item: UNDERSCORE .

    $default  reduce using rule 41 (inline_text_item)


state 28

   42 inline_text_item: LEFTPARENTHESIS .

    $default  reduce using rule 42 (inline_text_item)


state 29

   43 inline_text_item: RIGHTPARENTHESIS .

    $default  reduce using rule 43 (inline_text_item)


state 30

   44 inline_text_item: TEXT .

    $default  reduce using rule 44 (inline_text_item)


state 31

    2 blocks: blocks block .

    $default  reduce using rule 2 (blocks)


state 32

    4 block: header .

    $default  reduce using rule 4 (block)


state 33

    5 block: paragraph .

    $default  reduce using rule 5 (block)


state 34

    8 paragraph: lines .
    9 lines: lines . line

    BLANKLINE         shift, and go to state 5
    LESSTHAN          shift, and go to state 7
    LARGERTHAN        shift, and go to state 8
    TRIPLEBACKTICK    shift, and go to state 9
    BACKTICK          shift, and go to state 10
    VERTICAL          shift, and go to state 11
    DOUBLEASTERISK    shift, and go to state 12
    DOUBLETILDE       shift, and go to state 13
    ASTERISK          shift, and go to state 14
    PLUS              shift, and go to state 15
    MINUS             shift, and go to state 16
    DIGIT             shift, and go to state 17
    DOT               shift, and go to state 18
    INDENT            shift, and go to state 19
    SPACE             shift, and go to state 20
    LEFTSQUARE        shift, and go to state 21
    RIGHTSQUARE       shift, and go to state 22
    LEFTBRACKET       shift, and go to state 23
    RIGHTBRACKET      shift, and go to state 24
    EXCLAMATION       shift, and go to state 25
    DOUBLEUNDERSCORE  shift, and go to state 26
    UNDERSCORE        shift, and go to state 27
    LEFTPARENTHESIS   shift, and go to state 28
    RIGHTPARENTHESIS  shift, and go to state 29
    TEXT              shift, and go to state 30

    BLANKLINE         [reduce using rule 8 (paragraph)]
    LESSTHAN          [reduce using rule 8 (paragraph)]
    LARGERTHAN        [reduce using rule 8 (paragraph)]
    TRIPLEBACKTICK    [reduce using rule 8 (paragraph)]
    BACKTICK          [reduce using rule 8 (paragraph)]
    VERTICAL          [reduce using rule 8 (paragraph)]
    DOUBLEASTERISK    [reduce using rule 8 (paragraph)]
    DOUBLETILDE       [reduce using rule 8 (paragraph)]
    ASTERISK          [reduce using rule 8 (paragraph)]
    PLUS              [reduce using rule 8 (paragraph)]
    MINUS             [reduce using rule 8 (paragraph)]
    DIGIT             [reduce using rule 8 (paragraph)]
    DOT               [reduce using rule 8 (paragraph)]
    INDENT            [reduce using rule 8 (paragraph)]
    SPACE             [reduce using rule 8 (paragraph)]
    LEFTSQUARE        [reduce using rule 8 (paragraph)]
    RIGHTSQUARE       [reduce using rule 8 (paragraph)]
    LEFTBRACKET       [reduce using rule 8 (paragraph)]
    RIGHTBRACKET      [reduce using rule 8 (paragraph)]
    EXCLAMATION       [reduce using rule 8 (paragraph)]
    DOUBLEUNDERSCORE  [reduce using rule 8 (paragraph)]
    UNDERSCORE        [reduce using rule 8 (paragraph)]
    LEFTPARENTHESIS   [reduce using rule 8 (paragraph)]
    RIGHTPARENTHESIS  [reduce using rule 8 (paragraph)]
    TEXT              [reduce using rule 8 (paragraph)]
    $default          reduce using rule 8 (paragraph)

    line              go to state 67
    inline_elements   go to state 36
    inline_element    go to state 37
    inline_text       go to state 38
    inline_text_item  go to state 39
    link              go to state 40
    image             go to state 41
    italic            go to state 42
    strong            go to state 43
    linethrough       go to state 44
    inlinecode        go to state 45


state 35

   10 lines: line .

    $default  reduce using rule 10 (lines)


state 36

   11 line: inline_elements . LINEBREAK
   12     | inline_elements .
   14 inline_elements: inline_elements . inline_element

    LINEBREAK         shift, and go to state 68
    LESSTHAN          shift, and go to state 7
    LARGERTHAN        shift, and go to state 8
    TRIPLEBACKTICK    shift, and go to state 9
    BACKTICK          shift, and go to state 10
    VERTICAL          shift, and go to state 11
    DOUBLEASTERISK    shift, and go to state 12
    DOUBLETILDE       shift, and go to state 13
    ASTERISK          shift, and go to state 14
    PLUS              shift, and go to state 15
    MINUS             shift, and go to state 16
    DIGIT             shift, and go to state 17
    DOT               shift, and go to state 18
    INDENT            shift, and go to state 19
    SPACE             shift, and go to state 20
    LEFTSQUARE        shift, and go to state 21
    RIGHTSQUARE       shift, and go to state 22
    LEFTBRACKET       shift, and go to state 23
    RIGHTBRACKET      shift, and go to state 24
    EXCLAMATION       shift, and go to state 25
    DOUBLEUNDERSCORE  shift, and go to state 26
    UNDERSCORE        shift, and go to state 27
    LEFTPARENTHESIS   shift, and go to state 28
    RIGHTPARENTHESIS  shift, and go to state 29
    TEXT              shift, and go to state 30

    LESSTHAN          [reduce using rule 12 (line)]
    LARGERTHAN        [reduce using rule 12 (line)]
    TRIPLEBACKTICK    [reduce using rule 12 (line)]
    BACKTICK          [reduce using rule 12 (line)]
    VERTICAL          [reduce using rule 12 (line)]
    DOUBLEASTERISK    [reduce using rule 12 (line)]
    DOUBLETILDE       [reduce using rule 12 (line)]
    ASTERISK          [reduce using rule 12 (line)]
    PLUS              [reduce using rule 12 (line)]
    MINUS             [reduce using rule 12 (line)]
    DIGIT             [reduce using rule 12 (line)]
    DOT               [reduce using rule 12 (line)]
    INDENT            [reduce using rule 12 (line)]
    SPACE             [reduce using rule 12 (line)]
    LEFTSQUARE        [reduce using rule 12 (line)]
    RIGHTSQUARE       [reduce using rule 12 (line)]
    LEFTBRACKET       [reduce using rule 12 (line)]
    RIGHTBRACKET      [reduce using rule 12 (line)]
    EXCLAMATION       [reduce using rule 12 (line)]
    DOUBLEUNDERSCORE  [reduce using rule 12 (line)]
    UNDERSCORE        [reduce using rule 12 (line)]
    LEFTPARENTHESIS   [reduce using rule 12 (line)]
    RIGHTPARENTHESIS  [reduce using rule 12 (line)]
    TEXT              [reduce using rule 12 (line)]
    $default          reduce using rule 12 (line)

    inline_element    go to state 69
    inline_text       go to state 38
    inline_text_item  go to state 39
    link              go to state 40
    image             go to state 41
    italic            go to state 42
    strong            go to state 43
    linethrough       go to state 44
    inlinecode        go to state 45


state 37

   15 inline_elements: inline_element .

    $default  reduce using rule 15 (inline_elements)


state 38

   16 inline_element: inline_text .
   23 inline_text: inline_text . inline_text_item

    LESSTHAN          shift, and go to state 7
    LARGERTHAN        shift, and go to state 8
    TRIPLEBACKTICK    shift, and go to state 9
    VERTICAL          shift, and go to state 11
    PLUS              shift, and go to state 15
    MINUS             shift, and go to state 16
    DIGIT             shift, and go to state 17
    DOT               shift, and go to state 18
    INDENT            shift, and go to state 19
    SPACE             shift, and go to state 20
    LEFTSQUARE        shift, and go to state 52
    RIGHTSQUARE       shift, and go to state 22
    LEFTBRACKET       shift, and go to state 23
    RIGHTBRACKET      shift, and go to state 24
    EXCLAMATION       shift, and go to state 53
    DOUBLEUNDERSCORE  shift, and go to state 26
    UNDERSCORE        shift, and go to state 27
    LEFTPARENTHESIS   shift, and go to state 28
    RIGHTPARENTHESIS  shift, and go to state 29
    TEXT              shift, and go to state 30

    LESSTHAN          [reduce using rule 16 (inline_element)]
    LARGERTHAN        [reduce using rule 16 (inline_element)]
    TRIPLEBACKTICK    [reduce using rule 16 (inline_element)]
    VERTICAL          [reduce using rule 16 (inline_element)]
    PLUS              [reduce using rule 16 (inline_element)]
    MINUS             [reduce using rule 16 (inline_element)]
    DIGIT             [reduce using rule 16 (inline_element)]
    DOT               [reduce using rule 16 (inline_element)]
    INDENT            [reduce using rule 16 (inline_element)]
    SPACE             [reduce using rule 16 (inline_element)]
    LEFTSQUARE        [reduce using rule 16 (inline_element)]
    RIGHTSQUARE       [reduce using rule 16 (inline_element)]
    LEFTBRACKET       [reduce using rule 16 (inline_element)]
    RIGHTBRACKET      [reduce using rule 16 (inline_element)]
    EXCLAMATION       [reduce using rule 16 (inline_element)]
    DOUBLEUNDERSCORE  [reduce using rule 16 (inline_element)]
    UNDERSCORE        [reduce using rule 16 (inline_element)]
    LEFTPARENTHESIS   [reduce using rule 16 (inline_element)]
    RIGHTPARENTHESIS  [reduce using rule 16 (inline_element)]
    TEXT              [reduce using rule 16 (inline_element)]
    $default          reduce using rule 16 (inline_element)

    inline_text_item  go to state 70


state 39

   24 inline_text: inline_text_item .

    $default  reduce using rule 24 (inline_text)


state 40

   17 inline_element: link .

    $default  reduce using rule 17 (inline_element)


state 41

   18 inline_element: image .

    $default  reduce using rule 18 (inline_element)


state 42

   19 inline_element: italic .

    $default  reduce using rule 19 (inline_element)


state 43

   20 inline_element: strong .

    $default  reduce using rule 20 (inline_element)


state 44

   21 inline_element: linethrough .

    $default  reduce using rule 21 (inline_element)


state 45

   22 inline_element: inlinecode .

    $default  reduce using rule 22 (inline_element)


state 46

    7 header: LF_H inline_elements . LINEBREAK
   14 inline_elements: inline_elements . inline_element

    LINEBREAK         shift, and go to state 71
    LESSTHAN          shift, and go to state 7
    LARGERTHAN        shift, and go to state 8
    TRIPLEBACKTICK    shift, and go to state 9
    BACKTICK          shift, and go to state 10
    VERTICAL          shift, and go to state 11
    DOUBLEASTERISK    shift, and go to state 12
    DOUBLETILDE       shift, and go to state 13
    ASTERISK          shift, and go to state 14
    PLUS              shift, and go to state 15
    MINUS             shift, and go to state 16
    DIGIT             shift, and go to state 17
    DOT               shift, and go to state 18
    INDENT            shift, and go to state 19
    SPACE             shift, and go to state 20
    LEFTSQUARE        shift, and go to state 21
    RIGHTSQUARE       shift, and go to state 22
    LEFTBRACKET       shift, and go to state 23
    RIGHTBRACKET      shift, and go to state 24
    EXCLAMATION       shift, and go to state 25
    DOUBLEUNDERSCORE  shift, and go to state 26
    UNDERSCORE        shift, and go to state 27
    LEFTPARENTHESIS   shift, and go to state 28
    RIGHTPARENTHESIS  shift, and go to state 29
    TEXT              shift, and go to state 30

    inline_element    go to state 69
    inline_text       go to state 38
    inline_text_item  go to state 39
    link              go to state 40
    image             go to state 41
    italic            go to state 42
    strong            go to state 43
    linethrough       go to state 44
    inlinecode        go to state 45


state 47

   78 inlinecode: BACKTICK error .

    $default  reduce using rule 78 (inlinecode)


state 48

   48 inline_code_text_item: H .

    $default  reduce using rule 48 (inline_code_text_item)


state 49

   50 inline_code_text_item: DOUBLEASTERISK .

    $default  reduce using rule 50 (inline_code_text_item)


state 50

   51 inline_code_text_item: DOUBLETILDE .

    $default  reduce using rule 51 (inline_code_text_item)


state 51

   49 inline_code_text_item: ASTERISK .

    $default  reduce using rule 49 (inline_code_text_item)


state 52

   36 inline_text_item: LEFTSQUARE .

    $default  reduce using rule 36 (inline_text_item)


state 53

   35 inline_text_item: EXCLAMATION .

    $default  reduce using rule 35 (inline_text_item)


state 54

   47 inline_code_text_item: inline_text_item .

    $default  reduce using rule 47 (inline_code_text_item)


state 55

   45 inline_code_text: inline_code_text . inline_code_text_item
   76 inlinecode: BACKTICK inline_code_text . BACKTICK
   77           | BACKTICK inline_code_text . error

    error             shift, and go to state 72
    H                 shift, and go to state 48
    LESSTHAN          shift, and go to state 7
    LARGERTHAN        shift, and go to state 8
    TRIPLEBACKTICK    shift, and go to state 9
    BACKTICK          shift, and go to state 73
    VERTICAL          shift, and go to state 11
    DOUBLEASTERISK    shift, and go to state 49
    DOUBLETILDE       shift, and go to state 50
    ASTERISK          shift, and go to state 51
    PLUS              shift, and go to state 15
    MINUS             shift, and go to state 16
    DIGIT             shift, and go to state 17
    DOT               shift, and go to state 18
    INDENT            shift, and go to state 19
    SPACE             shift, and go to state 20
    LEFTSQUARE        shift, and go to state 52
    RIGHTSQUARE       shift, and go to state 22
    LEFTBRACKET       shift, and go to state 23
    RIGHTBRACKET      shift, and go to state 24
    EXCLAMATION       shift, and go to state 53
    DOUBLEUNDERSCORE  shift, and go to state 26
    UNDERSCORE        shift, and go to state 27
    LEFTPARENTHESIS   shift, and go to state 28
    RIGHTPARENTHESIS  shift, and go to state 29
    TEXT              shift, and go to state 30

    inline_text_item       go to state 54
    inline_code_text_item  go to state 74


state 56

   46 inline_code_text: inline_code_text_item .

    $default  reduce using rule 46 (inline_code_text)


state 57

   72 strong: DOUBLEASTERISK error .

    $default  reduce using rule 72 (strong)


state 58

   23 inline_text: inline_text . inline_text_item
   70 strong: DOUBLEASTERISK inline_text . DOUBLEASTERISK
   71       | DOUBLEASTERISK inline_text . error

    error             shift, and go to state 75
    LESSTHAN          shift, and go to state 7
    LARGERTHAN        shift, and go to state 8
    TRIPLEBACKTICK    shift, and go to state 9
    VERTICAL          shift, and go to state 11
    DOUBLEASTERISK    shift, and go to state 76
    PLUS              shift, and go to state 15
    MINUS             shift, and go to state 16
    DIGIT             shift, and go to state 17
    DOT               shift, and go to state 18
    INDENT            shift, and go to state 19
    SPACE             shift, and go to state 20
    LEFTSQUARE        shift, and go to state 52
    RIGHTSQUARE       shift, and go to state 22
    LEFTBRACKET       shift, and go to state 23
    RIGHTBRACKET      shift, and go to state 24
    EXCLAMATION       shift, and go to state 53
    DOUBLEUNDERSCORE  shift, and go to state 26
    UNDERSCORE        shift, and go to state 27
    LEFTPARENTHESIS   shift, and go to state 28
    RIGHTPARENTHESIS  shift, and go to state 29
    TEXT              shift, and go to state 30

    inline_text_item  go to state 70


state 59

   75 linethrough: DOUBLETILDE error .

    $default  reduce using rule 75 (linethrough)


state 60

   23 inline_text: inline_text . inline_text_item
   73 linethrough: DOUBLETILDE inline_text . DOUBLETILDE
   74            | DOUBLETILDE inline_text . error

    error             shift, and go to state 77
    LESSTHAN          shift, and go to state 7
    LARGERTHAN        shift, and go to state 8
    TRIPLEBACKTICK    shift, and go to state 9
    VERTICAL          shift, and go to state 11
    DOUBLETILDE       shift, and go to state 78
    PLUS              shift, and go to state 15
    MINUS             shift, and go to state 16
    DIGIT             shift, and go to state 17
    DOT               shift, and go to state 18
    INDENT            shift, and go to state 19
    SPACE             shift, and go to state 20
    LEFTSQUARE        shift, and go to state 52
    RIGHTSQUARE       shift, and go to state 22
    LEFTBRACKET       shift, and go to state 23
    RIGHTBRACKET      shift, and go to state 24
    EXCLAMATION       shift, and go to state 53
    DOUBLEUNDERSCORE  shift, and go to state 26
    UNDERSCORE        shift, and go to state 27
    LEFTPARENTHESIS   shift, and go to state 28
    RIGHTPARENTHESIS  shift, and go to state 29
    TEXT              shift, and go to state 30

    inline_text_item  go to state 70


state 61

   69 italic: ASTERISK error .

    $default  reduce using rule 69 (italic)


state 62

   23 inline_text: inline_text . inline_text_item
   67 italic: ASTERISK inline_text . ASTERISK
   68       | ASTERISK inline_text . error

    error             shift, and go to state 79
    LESSTHAN          shift, and go to state 7
    LARGERTHAN        shift, and go to state 8
    TRIPLEBACKTICK    shift, and go to state 9
    VERTICAL          shift, and go to state 11
    ASTERISK          shift, and go to state 80
    PLUS              shift, and go to state 15
    MINUS             shift, and go to state 16
    DIGIT             shift, and go to state 17
    DOT               shift, and go to state 18
    INDENT            shift, and go to state 19
    SPACE             shift, and go to state 20
    LEFTSQUARE        shift, and go to state 52
    RIGHTSQUARE       shift, and go to state 22
    LEFTBRACKET       shift, and go to state 23
    RIGHTBRACKET      shift, and go to state 24
    EXCLAMATION       shift, and go to state 53
    DOUBLEUNDERSCORE  shift, and go to state 26
    UNDERSCORE        shift, and go to state 27
    LEFTPARENTHESIS   shift, and go to state 28
    RIGHTPARENTHESIS  shift, and go to state 29
    TEXT              shift, and go to state 30

    inline_text_item  go to state 70


state 63

   58 link: LEFTSQUARE error .

    $default  reduce using rule 58 (link)


state 64

   23 inline_text: inline_text . inline_text_item
   52 link: LEFTSQUARE inline_text . RIGHTSQUARE LEFTBRACKET inline_text RIGHTBRACKET
   53     | LEFTSQUARE inline_text . RIGHTSQUARE LEFTBRACKET inline_text SPACE inline_text RIGHTBRACKET
   54     | LEFTSQUARE inline_text . RIGHTSQUARE LEFTBRACKET inline_text error
   55     | LEFTSQUARE inline_text . RIGHTSQUARE LEFTBRACKET error
   56     | LEFTSQUARE inline_text . RIGHTSQUARE error
   57     | LEFTSQUARE inline_text . error

    error             shift, and go to state 81
    LESSTHAN          shift, and go to state 7
    LARGERTHAN        shift, and go to state 8
    TRIPLEBACKTICK    shift, and go to state 9
    VERTICAL          shift, and go to state 11
    PLUS              shift, and go to state 15
    MINUS             shift, and go to state 16
    DIGIT             shift, and go to state 17
    DOT               shift, and go to state 18
    INDENT            shift, and go to state 19
    SPACE             shift, and go to state 20
    LEFTSQUARE        shift, and go to state 52
    RIGHTSQUARE       shift, and go to state 82
    LEFTBRACKET       shift, and go to state 23
    RIGHTBRACKET      shift, and go to state 24
    EXCLAMATION       shift, and go to state 53
    DOUBLEUNDERSCORE  shift, and go to state 26
    UNDERSCORE        shift, and go to state 27
    LEFTPARENTHESIS   shift, and go to state 28
    RIGHTPARENTHESIS  shift, and go to state 29
    TEXT              shift, and go to state 30

    inline_text_item  go to state 70


state 65

   66 image: EXCLAMATION error .

    $default  reduce using rule 66 (image)


state 66

   59 image: EXCLAMATION LEFTSQUARE . inline_text RIGHTSQUARE LEFTBRACKET inline_text RIGHTBRACKET
   60      | EXCLAMATION LEFTSQUARE . inline_text RIGHTSQUARE LEFTBRACKET inline_text SPACE inline_text RIGHTBRACKET
   61      | EXCLAMATION LEFTSQUARE . inline_text RIGHTSQUARE LEFTBRACKET inline_text error
   62      | EXCLAMATION LEFTSQUARE . inline_text RIGHTSQUARE LEFTBRACKET error
   63      | EXCLAMATION LEFTSQUARE . inline_text RIGHTSQUARE error
   64      | EXCLAMATION LEFTSQUARE . inline_text error
   65      | EXCLAMATION LEFTSQUARE . error

    error             shift, and go to state 83
    LESSTHAN          shift, and go to state 7
    LARGERTHAN        shift, and go to state 8
    TRIPLEBACKTICK    shift, and go to state 9
    VERTICAL          shift, and go to state 11
    PLUS              shift, and go to state 15
    MINUS             shift, and go to state 16
    DIGIT             shift, and go to state 17
    DOT               shift, and go to state 18
    INDENT            shift, and go to state 19
    SPACE             shift, and go to state 20
    LEFTSQUARE        shift, and go to state 52
    RIGHTSQUARE       shift, and go to state 22
    LEFTBRACKET       shift, and go to state 23
    RIGHTBRACKET      shift, and go to state 24
    EXCLAMATION       shift, and go to state 53
    DOUBLEUNDERSCORE  shift, and go to state 26
    UNDERSCORE        shift, and go to state 27
    LEFTPARENTHESIS   shift, and go to state 28
    RIGHTPARENTHESIS  shift, and go to state 29
    TEXT              shift, and go to state 30

    inline_text       go to state 84
    inline_text_item  go to state 39


state 67

    9 lines: lines line .

    $default  reduce using rule 9 (lines)


state 68

   11 line: inline_elements LINEBREAK .

    $default  reduce using rule 11 (line)


state 69

   14 inline_elements: inline_elements inline_element .

    $default  reduce using rule 14 (inline_elements)


state 70

   23 inline_text: inline_text inline_text_item .

    $default  reduce using rule 23 (inline_text)


state 71

    7 header: LF_H inline_elements LINEBREAK .

    $default  reduce using rule 7 (header)


state 72

   77 inlinecode: BACKTICK inline_code_text error .

    $default  reduce using rule 77 (inlinecode)


state 73

   76 inlinecode: BACKTICK inline_code_text BACKTICK .

    $default  reduce using rule 76 (inlinecode)


state 74

   45 inline_code_text: inline_code_text inline_code_text_item .

    $default  reduce using rule 45 (inline_code_text)


state 75

   71 strong: DOUBLEASTERISK inline_text error .

    $default  reduce using rule 71 (strong)


state 76

   70 strong: DOUBLEASTERISK inline_text DOUBLEASTERISK .

    $default  reduce using rule 70 (strong)


state 77

   74 linethrough: DOUBLETILDE inline_text error .

    $default  reduce using rule 74 (linethrough)


state 78

   73 linethrough: DOUBLETILDE inline_text DOUBLETILDE .

    $default  reduce using rule 73 (linethrough)


state 79

   68 italic: ASTERISK inline_text error .

    $default  reduce using rule 68 (italic)


state 80

   67 italic: ASTERISK inline_text ASTERISK .

    $default  reduce using rule 67 (italic)


state 81

   57 link: LEFTSQUARE inline_text error .

    $default  reduce using rule 57 (link)


state 82

   37 inline_text_item: RIGHTSQUARE .
   52 link: LEFTSQUARE inline_text RIGHTSQUARE . LEFTBRACKET inline_text RIGHTBRACKET
   53     | LEFTSQUARE inline_text RIGHTSQUARE . LEFTBRACKET inline_text SPACE inline_text RIGHTBRACKET
   54     | LEFTSQUARE inline_text RIGHTSQUARE . LEFTBRACKET inline_text error
   55     | LEFTSQUARE inline_text RIGHTSQUARE . LEFTBRACKET error
   56     | LEFTSQUARE inline_text RIGHTSQUARE . error

    error        shift, and go to state 85
    LEFTBRACKET  shift, and go to state 86

    error             [reduce using rule 37 (inline_text_item)]
    LESSTHAN          reduce using rule 37 (inline_text_item)
    LARGERTHAN        reduce using rule 37 (inline_text_item)
    TRIPLEBACKTICK    reduce using rule 37 (inline_text_item)
    VERTICAL          reduce using rule 37 (inline_text_item)
    PLUS              reduce using rule 37 (inline_text_item)
    MINUS             reduce using rule 37 (inline_text_item)
    DIGIT             reduce using rule 37 (inline_text_item)
    DOT               reduce using rule 37 (inline_text_item)
    INDENT            reduce using rule 37 (inline_text_item)
    SPACE             reduce using rule 37 (inline_text_item)
    LEFTSQUARE        reduce using rule 37 (inline_text_item)
    RIGHTSQUARE       reduce using rule 37 (inline_text_item)
    LEFTBRACKET       [reduce using rule 37 (inline_text_item)]
    RIGHTBRACKET      reduce using rule 37 (inline_text_item)
    EXCLAMATION       reduce using rule 37 (inline_text_item)
    DOUBLEUNDERSCORE  reduce using rule 37 (inline_text_item)
    UNDERSCORE        reduce using rule 37 (inline_text_item)
    LEFTPARENTHESIS   reduce using rule 37 (inline_text_item)
    RIGHTPARENTHESIS  reduce using rule 37 (inline_text_item)
    TEXT              reduce using rule 37 (inline_text_item)


state 83

   65 image: EXCLAMATION LEFTSQUARE error .

    $default  reduce using rule 65 (image)


state 84

   23 inline_text: inline_text . inline_text_item
   59 image: EXCLAMATION LEFTSQUARE inline_text . RIGHTSQUARE LEFTBRACKET inline_text RIGHTBRACKET
   60      | EXCLAMATION LEFTSQUARE inline_text . RIGHTSQUARE LEFTBRACKET inline_text SPACE inline_text RIGHTBRACKET
   61      | EXCLAMATION LEFTSQUARE inline_text . RIGHTSQUARE LEFTBRACKET inline_text error
   62      | EXCLAMATION LEFTSQUARE inline_text . RIGHTSQUARE LEFTBRACKET error
   63      | EXCLAMATION LEFTSQUARE inline_text . RIGHTSQUARE error
   64      | EXCLAMATION LEFTSQUARE inline_text . error

    error             shift, and go to state 87
    LESSTHAN          shift, and go to state 7
    LARGERTHAN        shift, and go to state 8
    TRIPLEBACKTICK    shift, and go to state 9
    VERTICAL          shift, and go to state 11
    PLUS              shift, and go to state 15
    MINUS             shift, and go to state 16
    DIGIT             shift, and go to state 17
    DOT               shift, and go to state 18
    INDENT            shift, and go to state 19
    SPACE             shift, and go to state 20
    LEFTSQUARE        shift, and go to state 52
    RIGHTSQUARE       shift, and go to state 88
    LEFTBRACKET       shift, and go to state 23
    RIGHTBRACKET      shift, and go to state 24
    EXCLAMATION       shift, and go to state 53
    DOUBLEUNDERSCORE  shift, and go to state 26
    UNDERSCORE        shift, and go to state 27
    LEFTPARENTHESIS   shift, and go to state 28
    RIGHTPARENTHESIS  shift, and go to state 29
    TEXT              shift, and go to state 30

    inline_text_item  go to state 70


state 85

   56 link: LEFTSQUARE inline_text RIGHTSQUARE error .

    $default  reduce using rule 56 (link)


state 86

   52 link: LEFTSQUARE inline_text RIGHTSQUARE LEFTBRACKET . inline_text RIGHTBRACKET
   53     | LEFTSQUARE inline_text RIGHTSQUARE LEFTBRACKET . inline_text SPACE inline_text RIGHTBRACKET
   54     | LEFTSQUARE inline_text RIGHTSQUARE LEFTBRACKET . inline_text error
   55     | LEFTSQUARE inline_text RIGHTSQUARE LEFTBRACKET . error

    error             shift, and go to state 89
    LESSTHAN          shift, and go to state 7
    LARGERTHAN        shift, and go to state 8
    TRIPLEBACKTICK    shift, and go to state 9
    VERTICAL          shift, and go to state 11
    PLUS              shift, and go to state 15
    MINUS             shift, and go to state 16
    DIGIT             shift, and go to state 17
    DOT               shift, and go to state 18
    INDENT            shift, and go to state 19
    SPACE             shift, and go to state 20
    LEFTSQUARE        shift, and go to state 52
    RIGHTSQUARE       shift, and go to state 22
    LEFTBRACKET       shift, and go to state 23
    RIGHTBRACKET      shift, and go to state 24
    EXCLAMATION       shift, and go to state 53
    DOUBLEUNDERSCORE  shift, and go to state 26
    UNDERSCORE        shift, and go to state 27
    LEFTPARENTHESIS   shift, and go to state 28
    RIGHTPARENTHESIS  shift, and go to state 29
    TEXT              shift, and go to state 30

    inline_text       go to state 90
    inline_text_item  go to state 39


state 87

   64 image: EXCLAMATION LEFTSQUARE inline_text error .

    $default  reduce using rule 64 (image)


state 88

   37 inline_text_item: RIGHTSQUARE .
   59 image: EXCLAMATION LEFTSQUARE inline_text RIGHTSQUARE . LEFTBRACKET inline_text RIGHTBRACKET
   60      | EXCLAMATION LEFTSQUARE inline_text RIGHTSQUARE . LEFTBRACKET inline_text SPACE inline_text RIGHTBRACKET
   61      | EXCLAMATION LEFTSQUARE inline_text RIGHTSQUARE . LEFTBRACKET inline_text error
   62      | EXCLAMATION LEFTSQUARE inline_text RIGHTSQUARE . LEFTBRACKET error
   63      | EXCLAMATION LEFTSQUARE inline_text RIGHTSQUARE . error

    error        shift, and go to state 91
    LEFTBRACKET  shift, and go to state 92

    error             [reduce using rule 37 (inline_text_item)]
    LESSTHAN          reduce using rule 37 (inline_text_item)
    LARGERTHAN        reduce using rule 37 (inline_text_item)
    TRIPLEBACKTICK    reduce using rule 37 (inline_text_item)
    VERTICAL          reduce using rule 37 (inline_text_item)
    PLUS              reduce using rule 37 (inline_text_item)
    MINUS             reduce using rule 37 (inline_text_item)
    DIGIT             reduce using rule 37 (inline_text_item)
    DOT               reduce using rule 37 (inline_text_item)
    INDENT            reduce using rule 37 (inline_text_item)
    SPACE             reduce using rule 37 (inline_text_item)
    LEFTSQUARE        reduce using rule 37 (inline_text_item)
    RIGHTSQUARE       reduce using rule 37 (inline_text_item)
    LEFTBRACKET       [reduce using rule 37 (inline_text_item)]
    RIGHTBRACKET      reduce using rule 37 (inline_text_item)
    EXCLAMATION       reduce using rule 37 (inline_text_item)
    DOUBLEUNDERSCORE  reduce using rule 37 (inline_text_item)
    UNDERSCORE        reduce using rule 37 (inline_text_item)
    LEFTPARENTHESIS   reduce using rule 37 (inline_text_item)
    RIGHTPARENTHESIS  reduce using rule 37 (inline_text_item)
    TEXT              reduce using rule 37 (inline_text_item)


state 89

   55 link: LEFTSQUARE inline_text RIGHTSQUARE LEFTBRACKET error .

    $default  reduce using rule 55 (link)


state 90

   23 inline_text: inline_text . inline_text_item
   52 link: LEFTSQUARE inline_text RIGHTSQUARE LEFTBRACKET inline_text . RIGHTBRACKET
   53     | LEFTSQUARE inline_text RIGHTSQUARE LEFTBRACKET inline_text . SPACE inline_text RIGHTBRACKET
   54     | LEFTSQUARE inline_text RIGHTSQUARE LEFTBRACKET inline_text . error

    error             shift, and go to state 93
    LESSTHAN          shift, and go to state 7
    LARGERTHAN        shift, and go to state 8
    TRIPLEBACKTICK    shift, and go to state 9
    VERTICAL          shift, and go to state 11
    PLUS              shift, and go to state 15
    MINUS             shift, and go to state 16
    DIGIT             shift, and go to state 17
    DOT               shift, and go to state 18
    INDENT            shift, and go to state 19
    SPACE             shift, and go to state 94
    LEFTSQUARE        shift, and go to state 52
    RIGHTSQUARE       shift, and go to state 22
    LEFTBRACKET       shift, and go to state 23
    RIGHTBRACKET      shift, and go to state 95
    EXCLAMATION       shift, and go to state 53
    DOUBLEUNDERSCORE  shift, and go to state 26
    UNDERSCORE        shift, and go to state 27
    LEFTPARENTHESIS   shift, and go to state 28
    RIGHTPARENTHESIS  shift, and go to state 29
    TEXT              shift, and go to state 30

    inline_text_item  go to state 70


state 91

   63 image: EXCLAMATION LEFTSQUARE inline_text RIGHTSQUARE error .

    $default  reduce using rule 63 (image)


state 92

   59 image: EXCLAMATION LEFTSQUARE inline_text RIGHTSQUARE LEFTBRACKET . inline_text RIGHTBRACKET
   60      | EXCLAMATION LEFTSQUARE inline_text RIGHTSQUARE LEFTBRACKET . inline_text SPACE inline_text RIGHTBRACKET
   61      | EXCLAMATION LEFTSQUARE inline_text RIGHTSQUARE LEFTBRACKET . inline_text error
   62      | EXCLAMATION LEFTSQUARE inline_text RIGHTSQUARE LEFTBRACKET . error

    error             shift, and go to state 96
    LESSTHAN          shift, and go to state 7
    LARGERTHAN        shift, and go to state 8
    TRIPLEBACKTICK    shift, and go to state 9
    VERTICAL          shift, and go to state 11
    PLUS              shift, and go to state 15
    MINUS             shift, and go to state 16
    DIGIT             shift, and go to state 17
    DOT               shift, and go to state 18
    INDENT            shift, and go to state 19
    SPACE             shift, and go to state 20
    LEFTSQUARE        shift, and go to state 52
    RIGHTSQUARE       shift, and go to state 22
    LEFTBRACKET       shift, and go to state 23
    RIGHTBRACKET      shift, and go to state 24
    EXCLAMATION       shift, and go to state 53
    DOUBLEUNDERSCORE  shift, and go to state 26
    UNDERSCORE        shift, and go to state 27
    LEFTPARENTHESIS   shift, and go to state 28
    RIGHTPARENTHESIS  shift, and go to state 29
    TEXT              shift, and go to state 30

    inline_text       go to state 97
    inline_text_item  go to state 39


state 93

   54 link: LEFTSQUARE inline_text RIGHTSQUARE LEFTBRACKET inline_text error .

    $default  reduce using rule 54 (link)


state 94

   34 inline_text_item: SPACE .
   53 link: LEFTSQUARE inline_text RIGHTSQUARE LEFTBRACKET inline_text SPACE . inline_text RIGHTBRACKET

    LESSTHAN          shift, and go to state 7
    LARGERTHAN        shift, and go to state 8
    TRIPLEBACKTICK    shift, and go to state 9
    VERTICAL          shift, and go to state 11
    PLUS              shift, and go to state 15
    MINUS             shift, and go to state 16
    DIGIT             shift, and go to state 17
    DOT               shift, and go to state 18
    INDENT            shift, and go to state 19
    SPACE             shift, and go to state 20
    LEFTSQUARE        shift, and go to state 52
    RIGHTSQUARE       shift, and go to state 22
    LEFTBRACKET       shift, and go to state 23
    RIGHTBRACKET      shift, and go to state 24
    EXCLAMATION       shift, and go to state 53
    DOUBLEUNDERSCORE  shift, and go to state 26
    UNDERSCORE        shift, and go to state 27
    LEFTPARENTHESIS   shift, and go to state 28
    RIGHTPARENTHESIS  shift, and go to state 29
    TEXT              shift, and go to state 30

    LESSTHAN          [reduce using rule 34 (inline_text_item)]
    LARGERTHAN        [reduce using rule 34 (inline_text_item)]
    TRIPLEBACKTICK    [reduce using rule 34 (inline_text_item)]
    VERTICAL          [reduce using rule 34 (inline_text_item)]
    PLUS              [reduce using rule 34 (inline_text_item)]
    MINUS             [reduce using rule 34 (inline_text_item)]
    DIGIT             [reduce using rule 34 (inline_text_item)]
    DOT               [reduce using rule 34 (inline_text_item)]
    INDENT            [reduce using rule 34 (inline_text_item)]
    SPACE             [reduce using rule 34 (inline_text_item)]
    LEFTSQUARE        [reduce using rule 34 (inline_text_item)]
    RIGHTSQUARE       [reduce using rule 34 (inline_text_item)]
    LEFTBRACKET       [reduce using rule 34 (inline_text_item)]
    RIGHTBRACKET      [reduce using rule 34 (inline_text_item)]
    EXCLAMATION       [reduce using rule 34 (inline_text_item)]
    DOUBLEUNDERSCORE  [reduce using rule 34 (inline_text_item)]
    UNDERSCORE        [reduce using rule 34 (inline_text_item)]
    LEFTPARENTHESIS   [reduce using rule 34 (inline_text_item)]
    RIGHTPARENTHESIS  [reduce using rule 34 (inline_text_item)]
    TEXT              [reduce using rule 34 (inline_text_item)]
    $default          reduce using rule 34 (inline_text_item)

    inline_text       go to state 98
    inline_text_item  go to state 39


state 95

   39 inline_text_item: RIGHTBRACKET .
   52 link: LEFTSQUARE inline_text RIGHTSQUARE LEFTBRACKET inline_text RIGHTBRACKET .

    $end              reduce using rule 52 (link)
    error             reduce using rule 39 (inline_text_item)
    error             [reduce using rule 52 (link)]
    BLANKLINE         reduce using rule 52 (link)
    LINEBREAK         reduce using rule 52 (link)
    LF_H              reduce using rule 52 (link)
    LESSTHAN          reduce using rule 39 (inline_text_item)
    LESSTHAN          [reduce using rule 52 (link)]
    LARGERTHAN        reduce using rule 39 (inline_text_item)
    LARGERTHAN        [reduce using rule 52 (link)]
    TRIPLEBACKTICK    reduce using rule 39 (inline_text_item)
    TRIPLEBACKTICK    [reduce using rule 52 (link)]
    BACKTICK          reduce using rule 52 (link)
    VERTICAL          reduce using rule 39 (inline_text_item)
    VERTICAL          [reduce using rule 52 (link)]
    DOUBLEASTERISK    reduce using rule 52 (link)
    DOUBLETILDE       reduce using rule 52 (link)
    ASTERISK          reduce using rule 52 (link)
    PLUS              reduce using rule 39 (inline_text_item)
    PLUS              [reduce using rule 52 (link)]
    MINUS             reduce using rule 39 (inline_text_item)
    MINUS             [reduce using rule 52 (link)]
    DIGIT             reduce using rule 39 (inline_text_item)
    DIGIT             [reduce using rule 52 (link)]
    DOT               reduce using rule 39 (inline_text_item)
    DOT               [reduce using rule 52 (link)]
    INDENT            reduce using rule 39 (inline_text_item)
    INDENT            [reduce using rule 52 (link)]
    SPACE             reduce using rule 39 (inline_text_item)
    SPACE             [reduce using rule 52 (link)]
    LEFTSQUARE        reduce using rule 39 (inline_text_item)
    LEFTSQUARE        [reduce using rule 52 (link)]
    RIGHTSQUARE       reduce using rule 39 (inline_text_item)
    RIGHTSQUARE       [reduce using rule 52 (link)]
    LEFTBRACKET       reduce using rule 39 (inline_text_item)
    LEFTBRACKET       [reduce using rule 52 (link)]
    RIGHTBRACKET      reduce using rule 39 (inline_text_item)
    RIGHTBRACKET      [reduce using rule 52 (link)]
    EXCLAMATION       reduce using rule 39 (inline_text_item)
    EXCLAMATION       [reduce using rule 52 (link)]
    DOUBLEUNDERSCORE  reduce using rule 39 (inline_text_item)
    DOUBLEUNDERSCORE  [reduce using rule 52 (link)]
    UNDERSCORE        reduce using rule 39 (inline_text_item)
    UNDERSCORE        [reduce using rule 52 (link)]
    LEFTPARENTHESIS   reduce using rule 39 (inline_text_item)
    LEFTPARENTHESIS   [reduce using rule 52 (link)]
    RIGHTPARENTHESIS  reduce using rule 39 (inline_text_item)
    RIGHTPARENTHESIS  [reduce using rule 52 (link)]
    TEXT              reduce using rule 39 (inline_text_item)
    TEXT              [reduce using rule 52 (link)]
    $default          reduce using rule 39 (inline_text_item)


state 96

   62 image: EXCLAMATION LEFTSQUARE inline_text RIGHTSQUARE LEFTBRACKET error .

    $default  reduce using rule 62 (image)


state 97

   23 inline_text: inline_text . inline_text_item
   59 image: EXCLAMATION LEFTSQUARE inline_text RIGHTSQUARE LEFTBRACKET inline_text . RIGHTBRACKET
   60      | EXCLAMATION LEFTSQUARE inline_text RIGHTSQUARE LEFTBRACKET inline_text . SPACE inline_text RIGHTBRACKET
   61      | EXCLAMATION LEFTSQUARE inline_text RIGHTSQUARE LEFTBRACKET inline_text . error

    error             shift, and go to state 99
    LESSTHAN          shift, and go to state 7
    LARGERTHAN        shift, and go to state 8
    TRIPLEBACKTICK    shift, and go to state 9
    VERTICAL          shift, and go to state 11
    PLUS              shift, and go to state 15
    MINUS             shift, and go to state 16
    DIGIT             shift, and go to state 17
    DOT               shift, and go to state 18
    INDENT            shift, and go to state 19
    SPACE             shift, and go to state 100
    LEFTSQUARE        shift, and go to state 52
    RIGHTSQUARE       shift, and go to state 22
    LEFTBRACKET       shift, and go to state 23
    RIGHTBRACKET      shift, and go to state 101
    EXCLAMATION       shift, and go to state 53
    DOUBLEUNDERSCORE  shift, and go to state 26
    UNDERSCORE        shift, and go to state 27
    LEFTPARENTHESIS   shift, and go to state 28
    RIGHTPARENTHESIS  shift, and go to state 29
    TEXT              shift, and go to state 30

    inline_text_item  go to state 70


state 98

   23 inline_text: inline_text . inline_text_item
   53 link: LEFTSQUARE inline_text RIGHTSQUARE LEFTBRACKET inline_text SPACE inline_text . RIGHTBRACKET

    LESSTHAN          shift, and go to state 7
    LARGERTHAN        shift, and go to state 8
    TRIPLEBACKTICK    shift, and go to state 9
    VERTICAL          shift, and go to state 11
    PLUS              shift, and go to state 15
    MINUS             shift, and go to state 16
    DIGIT             shift, and go to state 17
    DOT               shift, and go to state 18
    INDENT            shift, and go to state 19
    SPACE             shift, and go to state 20
    LEFTSQUARE        shift, and go to state 52
    RIGHTSQUARE       shift, and go to state 22
    LEFTBRACKET       shift, and go to state 23
    RIGHTBRACKET      shift, and go to state 102
    EXCLAMATION       shift, and go to state 53
    DOUBLEUNDERSCORE  shift, and go to state 26
    UNDERSCORE        shift, and go to state 27
    LEFTPARENTHESIS   shift, and go to state 28
    RIGHTPARENTHESIS  shift, and go to state 29
    TEXT              shift, and go to state 30

    inline_text_item  go to state 70


state 99

   61 image: EXCLAMATION LEFTSQUARE inline_text RIGHTSQUARE LEFTBRACKET inline_text error .

    $default  reduce using rule 61 (image)


state 100

   34 inline_text_item: SPACE .
   60 image: EXCLAMATION LEFTSQUARE inline_text RIGHTSQUARE LEFTBRACKET inline_text SPACE . inline_text RIGHTBRACKET

    LESSTHAN          shift, and go to state 7
    LARGERTHAN        shift, and go to state 8
    TRIPLEBACKTICK    shift, and go to state 9
    VERTICAL          shift, and go to state 11
    PLUS              shift, and go to state 15
    MINUS             shift, and go to state 16
    DIGIT             shift, and go to state 17
    DOT               shift, and go to state 18
    INDENT            shift, and go to state 19
    SPACE             shift, and go to state 20
    LEFTSQUARE        shift, and go to state 52
    RIGHTSQUARE       shift, and go to state 22
    LEFTBRACKET       shift, and go to state 23
    RIGHTBRACKET      shift, and go to state 24
    EXCLAMATION       shift, and go to state 53
    DOUBLEUNDERSCORE  shift, and go to state 26
    UNDERSCORE        shift, and go to state 27
    LEFTPARENTHESIS   shift, and go to state 28
    RIGHTPARENTHESIS  shift, and go to state 29
    TEXT              shift, and go to state 30

    LESSTHAN          [reduce using rule 34 (inline_text_item)]
    LARGERTHAN        [reduce using rule 34 (inline_text_item)]
    TRIPLEBACKTICK    [reduce using rule 34 (inline_text_item)]
    VERTICAL          [reduce using rule 34 (inline_text_item)]
    PLUS              [reduce using rule 34 (inline_text_item)]
    MINUS             [reduce using rule 34 (inline_text_item)]
    DIGIT             [reduce using rule 34 (inline_text_item)]
    DOT               [reduce using rule 34 (inline_text_item)]
    INDENT            [reduce using rule 34 (inline_text_item)]
    SPACE             [reduce using rule 34 (inline_text_item)]
    LEFTSQUARE        [reduce using rule 34 (inline_text_item)]
    RIGHTSQUARE       [reduce using rule 34 (inline_text_item)]
    LEFTBRACKET       [reduce using rule 34 (inline_text_item)]
    RIGHTBRACKET      [reduce using rule 34 (inline_text_item)]
    EXCLAMATION       [reduce using rule 34 (inline_text_item)]
    DOUBLEUNDERSCORE  [reduce using rule 34 (inline_text_item)]
    UNDERSCORE        [reduce using rule 34 (inline_text_item)]
    LEFTPARENTHESIS   [reduce using rule 34 (inline_text_item)]
    RIGHTPARENTHESIS  [reduce using rule 34 (inline_text_item)]
    TEXT              [reduce using rule 34 (inline_text_item)]
    $default          reduce using rule 34 (inline_text_item)

    inline_text       go to state 103
    inline_text_item  go to state 39


state 101

   39 inline_text_item: RIGHTBRACKET .
   59 image: EXCLAMATION LEFTSQUARE inline_text RIGHTSQUARE LEFTBRACKET inline_text RIGHTBRACKET .

    $end              reduce using rule 59 (image)
    error             reduce using rule 39 (inline_text_item)
    error             [reduce using rule 59 (image)]
    BLANKLINE         reduce using rule 59 (image)
    LINEBREAK         reduce using rule 59 (image)
    LF_H              reduce using rule 59 (image)
    LESSTHAN          reduce using rule 39 (inline_text_item)
    LESSTHAN          [reduce using rule 59 (image)]
    LARGERTHAN        reduce using rule 39 (inline_text_item)
    LARGERTHAN        [reduce using rule 59 (image)]
    TRIPLEBACKTICK    reduce using rule 39 (inline_text_item)
    TRIPLEBACKTICK    [reduce using rule 59 (image)]
    BACKTICK          reduce using rule 59 (image)
    VERTICAL          reduce using rule 39 (inline_text_item)
    VERTICAL          [reduce using rule 59 (image)]
    DOUBLEASTERISK    reduce using rule 59 (image)
    DOUBLETILDE       reduce using rule 59 (image)
    ASTERISK          reduce using rule 59 (image)
    PLUS              reduce using rule 39 (inline_text_item)
    PLUS              [reduce using rule 59 (image)]
    MINUS             reduce using rule 39 (inline_text_item)
    MINUS             [reduce using rule 59 (image)]
    DIGIT             reduce using rule 39 (inline_text_item)
    DIGIT             [reduce using rule 59 (image)]
    DOT               reduce using rule 39 (inline_text_item)
    DOT               [reduce using rule 59 (image)]
    INDENT            reduce using rule 39 (inline_text_item)
    INDENT            [reduce using rule 59 (image)]
    SPACE             reduce using rule 39 (inline_text_item)
    SPACE             [reduce using rule 59 (image)]
    LEFTSQUARE        reduce using rule 39 (inline_text_item)
    LEFTSQUARE        [reduce using rule 59 (image)]
    RIGHTSQUARE       reduce using rule 39 (inline_text_item)
    RIGHTSQUARE       [reduce using rule 59 (image)]
    LEFTBRACKET       reduce using rule 39 (inline_text_item)
    LEFTBRACKET       [reduce using rule 59 (image)]
    RIGHTBRACKET      reduce using rule 39 (inline_text_item)
    RIGHTBRACKET      [reduce using rule 59 (image)]
    EXCLAMATION       reduce using rule 39 (inline_text_item)
    EXCLAMATION       [reduce using rule 59 (image)]
    DOUBLEUNDERSCORE  reduce using rule 39 (inline_text_item)
    DOUBLEUNDERSCORE  [reduce using rule 59 (image)]
    UNDERSCORE        reduce using rule 39 (inline_text_item)
    UNDERSCORE        [reduce using rule 59 (image)]
    LEFTPARENTHESIS   reduce using rule 39 (inline_text_item)
    LEFTPARENTHESIS   [reduce using rule 59 (image)]
    RIGHTPARENTHESIS  reduce using rule 39 (inline_text_item)
    RIGHTPARENTHESIS  [reduce using rule 59 (image)]
    TEXT              reduce using rule 39 (inline_text_item)
    TEXT              [reduce using rule 59 (image)]
    $default          reduce using rule 39 (inline_text_item)


state 102

   39 inline_text_item: RIGHTBRACKET .
   53 link: LEFTSQUARE inline_text RIGHTSQUARE LEFTBRACKET inline_text SPACE inline_text RIGHTBRACKET .

    $end              reduce using rule 53 (link)
    error             reduce using rule 53 (link)
    BLANKLINE         reduce using rule 53 (link)
    LINEBREAK         reduce using rule 53 (link)
    LF_H              reduce using rule 53 (link)
    LESSTHAN          reduce using rule 39 (inline_text_item)
    LESSTHAN          [reduce using rule 53 (link)]
    LARGERTHAN        reduce using rule 39 (inline_text_item)
    LARGERTHAN        [reduce using rule 53 (link)]
    TRIPLEBACKTICK    reduce using rule 39 (inline_text_item)
    TRIPLEBACKTICK    [reduce using rule 53 (link)]
    BACKTICK          reduce using rule 53 (link)
    VERTICAL          reduce using rule 39 (inline_text_item)
    VERTICAL          [reduce using rule 53 (link)]
    DOUBLEASTERISK    reduce using rule 53 (link)
    DOUBLETILDE       reduce using rule 53 (link)
    ASTERISK          reduce using rule 53 (link)
    PLUS              reduce using rule 39 (inline_text_item)
    PLUS              [reduce using rule 53 (link)]
    MINUS             reduce using rule 39 (inline_text_item)
    MINUS             [reduce using rule 53 (link)]
    DIGIT             reduce using rule 39 (inline_text_item)
    DIGIT             [reduce using rule 53 (link)]
    DOT               reduce using rule 39 (inline_text_item)
    DOT               [reduce using rule 53 (link)]
    INDENT            reduce using rule 39 (inline_text_item)
    INDENT            [reduce using rule 53 (link)]
    SPACE             reduce using rule 39 (inline_text_item)
    SPACE             [reduce using rule 53 (link)]
    LEFTSQUARE        reduce using rule 39 (inline_text_item)
    LEFTSQUARE        [reduce using rule 53 (link)]
    RIGHTSQUARE       reduce using rule 39 (inline_text_item)
    RIGHTSQUARE       [reduce using rule 53 (link)]
    LEFTBRACKET       reduce using rule 39 (inline_text_item)
    LEFTBRACKET       [reduce using rule 53 (link)]
    RIGHTBRACKET      reduce using rule 39 (inline_text_item)
    RIGHTBRACKET      [reduce using rule 53 (link)]
    EXCLAMATION       reduce using rule 39 (inline_text_item)
    EXCLAMATION       [reduce using rule 53 (link)]
    DOUBLEUNDERSCORE  reduce using rule 39 (inline_text_item)
    DOUBLEUNDERSCORE  [reduce using rule 53 (link)]
    UNDERSCORE        reduce using rule 39 (inline_text_item)
    UNDERSCORE        [reduce using rule 53 (link)]
    LEFTPARENTHESIS   reduce using rule 39 (inline_text_item)
    LEFTPARENTHESIS   [reduce using rule 53 (link)]
    RIGHTPARENTHESIS  reduce using rule 39 (inline_text_item)
    RIGHTPARENTHESIS  [reduce using rule 53 (link)]
    TEXT              reduce using rule 39 (inline_text_item)
    TEXT              [reduce using rule 53 (link)]
    $default          reduce using rule 39 (inline_text_item)


state 103

   23 inline_text: inline_text . inline_text_item
   60 image: EXCLAMATION LEFTSQUARE inline_text RIGHTSQUARE LEFTBRACKET inline_text SPACE inline_text . RIGHTBRACKET

    LESSTHAN          shift, and go to state 7
    LARGERTHAN        shift, and go to state 8
    TRIPLEBACKTICK    shift, and go to state 9
    VERTICAL          shift, and go to state 11
    PLUS              shift, and go to state 15
    MINUS             shift, and go to state 16
    DIGIT             shift, and go to state 17
    DOT               shift, and go to state 18
    INDENT            shift, and go to state 19
    SPACE             shift, and go to state 20
    LEFTSQUARE        shift, and go to state 52
    RIGHTSQUARE       shift, and go to state 22
    LEFTBRACKET       shift, and go to state 23
    RIGHTBRACKET      shift, and go to state 104
    EXCLAMATION       shift, and go to state 53
    DOUBLEUNDERSCORE  shift, and go to state 26
    UNDERSCORE        shift, and go to state 27
    LEFTPARENTHESIS   shift, and go to state 28
    RIGHTPARENTHESIS  shift, and go to state 29
    TEXT              shift, and go to state 30

    inline_text_item  go to state 70


state 104

   39 inline_text_item: RIGHTBRACKET .
   60 image: EXCLAMATION LEFTSQUARE inline_text RIGHTSQUARE LEFTBRACKET inline_text SPACE inline_text RIGHTBRACKET .

    $end              reduce using rule 60 (image)
    error             reduce using rule 60 (image)
    BLANKLINE         reduce using rule 60 (image)
    LINEBREAK         reduce using rule 60 (image)
    LF_H              reduce using rule 60 (image)
    LESSTHAN          reduce using rule 39 (inline_text_item)
    LESSTHAN          [reduce using rule 60 (image)]
    LARGERTHAN        reduce using rule 39 (inline_text_item)
    LARGERTHAN        [reduce using rule 60 (image)]
    TRIPLEBACKTICK    reduce using rule 39 (inline_text_item)
    TRIPLEBACKTICK    [reduce using rule 60 (image)]
    BACKTICK          reduce using rule 60 (image)
    VERTICAL          reduce using rule 39 (inline_text_item)
    VERTICAL          [reduce using rule 60 (image)]
    DOUBLEASTERISK    reduce using rule 60 (image)
    DOUBLETILDE       reduce using rule 60 (image)
    ASTERISK          reduce using rule 60 (image)
    PLUS              reduce using rule 39 (inline_text_item)
    PLUS              [reduce using rule 60 (image)]
    MINUS             reduce using rule 39 (inline_text_item)
    MINUS             [reduce using rule 60 (image)]
    DIGIT             reduce using rule 39 (inline_text_item)
    DIGIT             [reduce using rule 60 (image)]
    DOT               reduce using rule 39 (inline_text_item)
    DOT               [reduce using rule 60 (image)]
    INDENT            reduce using rule 39 (inline_text_item)
    INDENT            [reduce using rule 60 (image)]
    SPACE             reduce using rule 39 (inline_text_item)
    SPACE             [reduce using rule 60 (image)]
    LEFTSQUARE        reduce using rule 39 (inline_text_item)
    LEFTSQUARE        [reduce using rule 60 (image)]
    RIGHTSQUARE       reduce using rule 39 (inline_text_item)
    RIGHTSQUARE       [reduce using rule 60 (image)]
    LEFTBRACKET       reduce using rule 39 (inline_text_item)
    LEFTBRACKET       [reduce using rule 60 (image)]
    RIGHTBRACKET      reduce using rule 39 (inline_text_item)
    RIGHTBRACKET      [reduce using rule 60 (image)]
    EXCLAMATION       reduce using rule 39 (inline_text_item)
    EXCLAMATION       [reduce using rule 60 (image)]
    DOUBLEUNDERSCORE  reduce using rule 39 (inline_text_item)
    DOUBLEUNDERSCORE  [reduce using rule 60 (image)]
    UNDERSCORE        reduce using rule 39 (inline_text_item)
    UNDERSCORE        [reduce using rule 60 (image)]
    LEFTPARENTHESIS   reduce using rule 39 (inline_text_item)
    LEFTPARENTHESIS   [reduce using rule 60 (image)]
    RIGHTPARENTHESIS  reduce using rule 39 (inline_text_item)
    RIGHTPARENTHESIS  [reduce using rule 60 (image)]
    TEXT              reduce using rule 39 (inline_text_item)
    TEXT              [reduce using rule 60 (image)]
    $default          reduce using rule 39 (inline_text_item)
