Terminals which are not used

   MINUS
   PLUS


State 0 conflicts: 1 shift/reduce
State 38 conflicts: 13 shift/reduce
State 39 conflicts: 10 shift/reduce
State 41 conflicts: 1 shift/reduce
State 43 conflicts: 1 shift/reduce
State 45 conflicts: 1 shift/reduce
State 47 conflicts: 1 shift/reduce
State 49 conflicts: 1 shift/reduce
State 51 conflicts: 1 shift/reduce
State 53 conflicts: 1 shift/reduce
State 55 conflicts: 1 shift/reduce
State 58 conflicts: 1 shift/reduce
State 146 conflicts: 1 shift/reduce
State 147 conflicts: 1 shift/reduce
State 149 conflicts: 1 shift/reduce
State 150 conflicts: 1 shift/reduce


Grammar

    0 $accept: markdownfile $end

    1 markdownfile: blocks
    2             | error

    3 blocks: blocks block
    4       | /* empty */

    5 block: lines
    6      | tablerows
    7      | block_p
    8      | block_ul
    9      | block_indent_ul
   10      | block_quote_ul
   11      | block_ol
   12      | block_indent_ol
   13      | block_quote_ol
   14      | block_blank
   15      | block_quote_p

   16 lines: lines line
   17      | line

   18 block_p: block_p line_p
   19        | line_p

   20 line_p: inlineelements LINEBREAK

   21 block_blank: block_blank line_blank
   22            | line_blank

   23 line_blank: BLANKLINE

   24 block_quote_p: block_quote_p line_quote_p
   25              | line_quote_p

   26 line_quote_p: LARGERTHAN inlineelements LINEBREAK

   27 block_ul: block_ul line_ul
   28         | line_ul

   29 line_ul: ULSTART inlineelements LINEBREAK
   30        | ULSTART LINEBREAK

   31 block_indent_ul: block_indent_ul line_indent_ul
   32                | line_indent_ul

   33 line_indent_ul: ULINDENT ULSTART inlineelements LINEBREAK

   34 block_quote_ul: block_quote_ul line_quote_ul
   35               | line_quote_ul

   36 line_quote_ul: QUOTEULSTART inlineelements LINEBREAK

   37 block_ol: block_ol line_ol
   38         | line_ol

   39 line_ol: OLSTART inlineelements LINEBREAK
   40        | OLSTART LINEBREAK

   41 block_indent_ol: block_indent_ol line_indent_ol
   42                | line_indent_ol

   43 line_indent_ol: OLINDENT OLSTART inlineelements LINEBREAK

   44 block_quote_ol: block_quote_ol line_quote_ol
   45               | line_quote_ol

   46 line_quote_ol: QUOTEOLSTART inlineelements LINEBREAK

   47 line: QUOTEBLANKLINE
   48     | SECTION LINEBREAK
   49     | VSECTION LINEBREAK
   50     | H headertext LINEBREAK
   51     | QUOTEH plaintext LINEBREAK
   52     | TEXTINDENT inlineelements LINEBREAK
   53     | CODEINDENT CODETEXT
   54     | TRIPLEBACKTICK codespan TRIPLEBACKTICK LINEBREAK
   55     | TRIPLEBACKTICK error
   56     | HTMLBLOCK TEXT LINEBREAK
   57     | HTMLBLOCK LINEBREAK
   58     | SCRIPTSTART inlineelements SCRIPTEND
   59     | SCRIPTSTART SCRIPTEND
   60     | SCRIPTSTART error LINEBREAK
   61     | SVGSTART inlineelements SVGEND
   62     | SVGSTART SVGEND
   63     | SVGSTART error LINEBREAK
   64     | STYLESTART inlineelements STYLEEND
   65     | STYLESTART STYLEEND
   66     | error LINEBREAK

   67 tablerows: tablerows tablerow
   68          | tablerow

   69 tablerow: TABLEROWSTART tableceils LINEBREAK

   70 tableceils: tableceils tableceil
   71           | tableceil

   72 tableceil: inlineelements TABLECEILEND

   73 inlineelements: inlineelements inlineelement
   74               | inlineelement

   75 inlineelement: TEXT
   76              | SPECIALCHAR
   77              | STAR inlineelements STAR
   78              | UNDERSCORE inlineelements UNDERSCORE
   79              | DOUBLESTAR inlineelements DOUBLESTAR
   80              | DOUBLEUNDERSCORE inlineelements DOUBLEUNDERSCORE
   81              | BACKTICK codespan BACKTICK
   82              | BACKTICK codespan error
   83              | BACKTICK error
   84              | LEFTSQUARE plaintext RIGHTSQUARE LEFTPARENTHESES plaintext RIGHTPARENTHESES
   85              | EXCLAMATION LEFTSQUARE plaintext RIGHTSQUARE LEFTPARENTHESES plaintext RIGHTPARENTHESES
   86              | link

   87 headertext: headertext TEXT
   88           | headertext link
   89           | headertext CODETEXT
   90           | headertext SPECIALCHAR
   91           | /* empty */

   92 link: LINK

   93 plaintext: plaintext text_list
   94          | text_list

   95 text_list: TEXT
   96          | SPECIALCHAR

   97 codespan: codespan code_list
   98         | code_list

   99 code_list: CODETEXT
  100          | SPECIALCHAR


Terminals, with rules where they appear

$end (0) 0
error (256) 2 55 60 63 66 82 83
TEXT (258) 56 75 87 95
SPECIALCHAR (259) 76 90 96 100
CODETEXT (260) 53 89 99
H (261) 50
QUOTEH (262) 51
HTMLBLOCK (263) 56 57
SECTION (264) 48
VSECTION (265) 49
SCRIPTSTART (266) 58 59 60
SCRIPTEND (267) 58 59
STYLESTART (268) 64 65
STYLEEND (269) 64 65
SVGSTART (270) 61 62 63
SVGEND (271) 61 62
LINK (272) 92
BACKTICK (273) 81 82 83
TRIPLEBACKTICK (274) 54 55
TABLEROWSTART (275) 69
TABLECEILEND (276) 72
ULINDENT (277) 33
OLINDENT (278) 43
TEXTINDENT (279) 52
CODEINDENT (280) 53
EXCLAMATION (281) 85
MINUS (282)
PLUS (283)
RIGHTPARENTHESES (284) 84 85
LEFTPARENTHESES (285) 84 85
RIGHTSQUARE (286) 84 85
LEFTSQUARE (287) 84 85
UNDERSCORE (288) 78
STAR (289) 77
BLANKLINE (290) 23
LINEBREAK (291) 20 26 29 30 33 36 39 40 43 46 48 49 50 51 52 54 56
    57 60 63 66 69
LARGERTHAN (292) 26
DOUBLESTAR (293) 79
DOUBLEUNDERSCORE (294) 80
OLSTART (295) 39 40 43
ULSTART (296) 29 30 33
QUOTEBLANKLINE (297) 47
QUOTEOLSTART (298) 46
QUOTEULSTART (299) 36
STARX (300)


Nonterminals, with rules where they appear

$accept (46)
    on left: 0
markdownfile (47)
    on left: 1 2, on right: 0
blocks (48)
    on left: 3 4, on right: 1 3
block (49)
    on left: 5 6 7 8 9 10 11 12 13 14 15, on right: 3
lines (50)
    on left: 16 17, on right: 5 16
block_p (51)
    on left: 18 19, on right: 7 18
line_p (52)
    on left: 20, on right: 18 19
block_blank (53)
    on left: 21 22, on right: 14 21
line_blank (54)
    on left: 23, on right: 21 22
block_quote_p (55)
    on left: 24 25, on right: 15 24
line_quote_p (56)
    on left: 26, on right: 24 25
block_ul (57)
    on left: 27 28, on right: 8 27
line_ul (58)
    on left: 29 30, on right: 27 28
block_indent_ul (59)
    on left: 31 32, on right: 9 31
line_indent_ul (60)
    on left: 33, on right: 31 32
block_quote_ul (61)
    on left: 34 35, on right: 10 34
line_quote_ul (62)
    on left: 36, on right: 34 35
block_ol (63)
    on left: 37 38, on right: 11 37
line_ol (64)
    on left: 39 40, on right: 37 38
block_indent_ol (65)
    on left: 41 42, on right: 12 41
line_indent_ol (66)
    on left: 43, on right: 41 42
block_quote_ol (67)
    on left: 44 45, on right: 13 44
line_quote_ol (68)
    on left: 46, on right: 44 45
line (69)
    on left: 47 48 49 50 51 52 53 54 55 56 57 58 59 60 61 62 63 64
    65 66, on right: 16 17
tablerows (70)
    on left: 67 68, on right: 6 67
tablerow (71)
    on left: 69, on right: 67 68
tableceils (72)
    on left: 70 71, on right: 69 70
tableceil (73)
    on left: 72, on right: 70 71
inlineelements (74)
    on left: 73 74, on right: 20 26 29 33 36 39 43 46 52 58 61 64 72
    73 77 78 79 80
inlineelement (75)
    on left: 75 76 77 78 79 80 81 82 83 84 85 86, on right: 73 74
headertext (76)
    on left: 87 88 89 90 91, on right: 50 87 88 89 90
link (77)
    on left: 92, on right: 86 88
plaintext (78)
    on left: 93 94, on right: 51 84 85 93
text_list (79)
    on left: 95 96, on right: 93 94
codespan (80)
    on left: 97 98, on right: 54 81 82 97
code_list (81)
    on left: 99 100, on right: 97 98


state 0

    0 $accept: . markdownfile $end

    error  shift, and go to state 1

    $end              reduce using rule 4 (blocks)
    error             [reduce using rule 4 (blocks)]
    TEXT              reduce using rule 4 (blocks)
    SPECIALCHAR       reduce using rule 4 (blocks)
    H                 reduce using rule 4 (blocks)
    QUOTEH            reduce using rule 4 (blocks)
    HTMLBLOCK         reduce using rule 4 (blocks)
    SECTION           reduce using rule 4 (blocks)
    VSECTION          reduce using rule 4 (blocks)
    SCRIPTSTART       reduce using rule 4 (blocks)
    STYLESTART        reduce using rule 4 (blocks)
    SVGSTART          reduce using rule 4 (blocks)
    LINK              reduce using rule 4 (blocks)
    BACKTICK          reduce using rule 4 (blocks)
    TRIPLEBACKTICK    reduce using rule 4 (blocks)
    TABLEROWSTART     reduce using rule 4 (blocks)
    ULINDENT          reduce using rule 4 (blocks)
    OLINDENT          reduce using rule 4 (blocks)
    TEXTINDENT        reduce using rule 4 (blocks)
    CODEINDENT        reduce using rule 4 (blocks)
    EXCLAMATION       reduce using rule 4 (blocks)
    LEFTSQUARE        reduce using rule 4 (blocks)
    UNDERSCORE        reduce using rule 4 (blocks)
    STAR              reduce using rule 4 (blocks)
    BLANKLINE         reduce using rule 4 (blocks)
    LARGERTHAN        reduce using rule 4 (blocks)
    DOUBLESTAR        reduce using rule 4 (blocks)
    DOUBLEUNDERSCORE  reduce using rule 4 (blocks)
    OLSTART           reduce using rule 4 (blocks)
    ULSTART           reduce using rule 4 (blocks)
    QUOTEBLANKLINE    reduce using rule 4 (blocks)
    QUOTEOLSTART      reduce using rule 4 (blocks)
    QUOTEULSTART      reduce using rule 4 (blocks)

    markdownfile  go to state 2
    blocks        go to state 3


state 1

    2 markdownfile: error .

    $default  reduce using rule 2 (markdownfile)


state 2

    0 $accept: markdownfile . $end

    $end  shift, and go to state 4


state 3

    1 markdownfile: blocks .
    3 blocks: blocks . block

    error             shift, and go to state 5
    TEXT              shift, and go to state 6
    SPECIALCHAR       shift, and go to state 7
    H                 shift, and go to state 8
    QUOTEH            shift, and go to state 9
    HTMLBLOCK         shift, and go to state 10
    SECTION           shift, and go to state 11
    VSECTION          shift, and go to state 12
    SCRIPTSTART       shift, and go to state 13
    STYLESTART        shift, and go to state 14
    SVGSTART          shift, and go to state 15
    LINK              shift, and go to state 16
    BACKTICK          shift, and go to state 17
    TRIPLEBACKTICK    shift, and go to state 18
    TABLEROWSTART     shift, and go to state 19
    ULINDENT          shift, and go to state 20
    OLINDENT          shift, and go to state 21
    TEXTINDENT        shift, and go to state 22
    CODEINDENT        shift, and go to state 23
    EXCLAMATION       shift, and go to state 24
    LEFTSQUARE        shift, and go to state 25
    UNDERSCORE        shift, and go to state 26
    STAR              shift, and go to state 27
    BLANKLINE         shift, and go to state 28
    LARGERTHAN        shift, and go to state 29
    DOUBLESTAR        shift, and go to state 30
    DOUBLEUNDERSCORE  shift, and go to state 31
    OLSTART           shift, and go to state 32
    ULSTART           shift, and go to state 33
    QUOTEBLANKLINE    shift, and go to state 34
    QUOTEOLSTART      shift, and go to state 35
    QUOTEULSTART      shift, and go to state 36

    $end  reduce using rule 1 (markdownfile)

    block            go to state 37
    lines            go to state 38
    block_p          go to state 39
    line_p           go to state 40
    block_blank      go to state 41
    line_blank       go to state 42
    block_quote_p    go to state 43
    line_quote_p     go to state 44
    block_ul         go to state 45
    line_ul          go to state 46
    block_indent_ul  go to state 47
    line_indent_ul   go to state 48
    block_quote_ul   go to state 49
    line_quote_ul    go to state 50
    block_ol         go to state 51
    line_ol          go to state 52
    block_indent_ol  go to state 53
    line_indent_ol   go to state 54
    block_quote_ol   go to state 55
    line_quote_ol    go to state 56
    line             go to state 57
    tablerows        go to state 58
    tablerow         go to state 59
    inlineelements   go to state 60
    inlineelement    go to state 61
    link             go to state 62


state 4

    0 $accept: markdownfile $end .

    $default  accept


state 5

   66 line: error . LINEBREAK

    LINEBREAK  shift, and go to state 63


state 6

   75 inlineelement: TEXT .

    $default  reduce using rule 75 (inlineelement)


state 7

   76 inlineelement: SPECIALCHAR .

    $default  reduce using rule 76 (inlineelement)


state 8

   50 line: H . headertext LINEBREAK

    $default  reduce using rule 91 (headertext)

    headertext  go to state 64


state 9

   51 line: QUOTEH . plaintext LINEBREAK

    TEXT         shift, and go to state 65
    SPECIALCHAR  shift, and go to state 66

    plaintext  go to state 67
    text_list  go to state 68


state 10

   56 line: HTMLBLOCK . TEXT LINEBREAK
   57     | HTMLBLOCK . LINEBREAK

    TEXT       shift, and go to state 69
    LINEBREAK  shift, and go to state 70


state 11

   48 line: SECTION . LINEBREAK

    LINEBREAK  shift, and go to state 71


state 12

   49 line: VSECTION . LINEBREAK

    LINEBREAK  shift, and go to state 72


state 13

   58 line: SCRIPTSTART . inlineelements SCRIPTEND
   59     | SCRIPTSTART . SCRIPTEND
   60     | SCRIPTSTART . error LINEBREAK

    error             shift, and go to state 73
    TEXT              shift, and go to state 6
    SPECIALCHAR       shift, and go to state 7
    SCRIPTEND         shift, and go to state 74
    LINK              shift, and go to state 16
    BACKTICK          shift, and go to state 17
    EXCLAMATION       shift, and go to state 24
    LEFTSQUARE        shift, and go to state 25
    UNDERSCORE        shift, and go to state 26
    STAR              shift, and go to state 27
    DOUBLESTAR        shift, and go to state 30
    DOUBLEUNDERSCORE  shift, and go to state 31

    inlineelements  go to state 75
    inlineelement   go to state 61
    link            go to state 62


state 14

   64 line: STYLESTART . inlineelements STYLEEND
   65     | STYLESTART . STYLEEND

    TEXT              shift, and go to state 6
    SPECIALCHAR       shift, and go to state 7
    STYLEEND          shift, and go to state 76
    LINK              shift, and go to state 16
    BACKTICK          shift, and go to state 17
    EXCLAMATION       shift, and go to state 24
    LEFTSQUARE        shift, and go to state 25
    UNDERSCORE        shift, and go to state 26
    STAR              shift, and go to state 27
    DOUBLESTAR        shift, and go to state 30
    DOUBLEUNDERSCORE  shift, and go to state 31

    inlineelements  go to state 77
    inlineelement   go to state 61
    link            go to state 62


state 15

   61 line: SVGSTART . inlineelements SVGEND
   62     | SVGSTART . SVGEND
   63     | SVGSTART . error LINEBREAK

    error             shift, and go to state 78
    TEXT              shift, and go to state 6
    SPECIALCHAR       shift, and go to state 7
    SVGEND            shift, and go to state 79
    LINK              shift, and go to state 16
    BACKTICK          shift, and go to state 17
    EXCLAMATION       shift, and go to state 24
    LEFTSQUARE        shift, and go to state 25
    UNDERSCORE        shift, and go to state 26
    STAR              shift, and go to state 27
    DOUBLESTAR        shift, and go to state 30
    DOUBLEUNDERSCORE  shift, and go to state 31

    inlineelements  go to state 80
    inlineelement   go to state 61
    link            go to state 62


state 16

   92 link: LINK .

    $default  reduce using rule 92 (link)


state 17

   81 inlineelement: BACKTICK . codespan BACKTICK
   82              | BACKTICK . codespan error
   83              | BACKTICK . error

    error        shift, and go to state 81
    SPECIALCHAR  shift, and go to state 82
    CODETEXT     shift, and go to state 83

    codespan   go to state 84
    code_list  go to state 85


state 18

   54 line: TRIPLEBACKTICK . codespan TRIPLEBACKTICK LINEBREAK
   55     | TRIPLEBACKTICK . error

    error        shift, and go to state 86
    SPECIALCHAR  shift, and go to state 82
    CODETEXT     shift, and go to state 83

    codespan   go to state 87
    code_list  go to state 85


state 19

   69 tablerow: TABLEROWSTART . tableceils LINEBREAK

    TEXT              shift, and go to state 6
    SPECIALCHAR       shift, and go to state 7
    LINK              shift, and go to state 16
    BACKTICK          shift, and go to state 17
    EXCLAMATION       shift, and go to state 24
    LEFTSQUARE        shift, and go to state 25
    UNDERSCORE        shift, and go to state 26
    STAR              shift, and go to state 27
    DOUBLESTAR        shift, and go to state 30
    DOUBLEUNDERSCORE  shift, and go to state 31

    tableceils      go to state 88
    tableceil       go to state 89
    inlineelements  go to state 90
    inlineelement   go to state 61
    link            go to state 62


state 20

   33 line_indent_ul: ULINDENT . ULSTART inlineelements LINEBREAK

    ULSTART  shift, and go to state 91


state 21

   43 line_indent_ol: OLINDENT . OLSTART inlineelements LINEBREAK

    OLSTART  shift, and go to state 92


state 22

   52 line: TEXTINDENT . inlineelements LINEBREAK

    TEXT              shift, and go to state 6
    SPECIALCHAR       shift, and go to state 7
    LINK              shift, and go to state 16
    BACKTICK          shift, and go to state 17
    EXCLAMATION       shift, and go to state 24
    LEFTSQUARE        shift, and go to state 25
    UNDERSCORE        shift, and go to state 26
    STAR              shift, and go to state 27
    DOUBLESTAR        shift, and go to state 30
    DOUBLEUNDERSCORE  shift, and go to state 31

    inlineelements  go to state 93
    inlineelement   go to state 61
    link            go to state 62


state 23

   53 line: CODEINDENT . CODETEXT

    CODETEXT  shift, and go to state 94


state 24

   85 inlineelement: EXCLAMATION . LEFTSQUARE plaintext RIGHTSQUARE LEFTPARENTHESES plaintext RIGHTPARENTHESES

    LEFTSQUARE  shift, and go to state 95


state 25

   84 inlineelement: LEFTSQUARE . plaintext RIGHTSQUARE LEFTPARENTHESES plaintext RIGHTPARENTHESES

    TEXT         shift, and go to state 65
    SPECIALCHAR  shift, and go to state 66

    plaintext  go to state 96
    text_list  go to state 68


state 26

   78 inlineelement: UNDERSCORE . inlineelements UNDERSCORE

    TEXT              shift, and go to state 6
    SPECIALCHAR       shift, and go to state 7
    LINK              shift, and go to state 16
    BACKTICK          shift, and go to state 17
    EXCLAMATION       shift, and go to state 24
    LEFTSQUARE        shift, and go to state 25
    UNDERSCORE        shift, and go to state 26
    STAR              shift, and go to state 27
    DOUBLESTAR        shift, and go to state 30
    DOUBLEUNDERSCORE  shift, and go to state 31

    inlineelements  go to state 97
    inlineelement   go to state 61
    link            go to state 62


state 27

   77 inlineelement: STAR . inlineelements STAR

    TEXT              shift, and go to state 6
    SPECIALCHAR       shift, and go to state 7
    LINK              shift, and go to state 16
    BACKTICK          shift, and go to state 17
    EXCLAMATION       shift, and go to state 24
    LEFTSQUARE        shift, and go to state 25
    UNDERSCORE        shift, and go to state 26
    STAR              shift, and go to state 27
    DOUBLESTAR        shift, and go to state 30
    DOUBLEUNDERSCORE  shift, and go to state 31

    inlineelements  go to state 98
    inlineelement   go to state 61
    link            go to state 62


state 28

   23 line_blank: BLANKLINE .

    $default  reduce using rule 23 (line_blank)


state 29

   26 line_quote_p: LARGERTHAN . inlineelements LINEBREAK

    TEXT              shift, and go to state 6
    SPECIALCHAR       shift, and go to state 7
    LINK              shift, and go to state 16
    BACKTICK          shift, and go to state 17
    EXCLAMATION       shift, and go to state 24
    LEFTSQUARE        shift, and go to state 25
    UNDERSCORE        shift, and go to state 26
    STAR              shift, and go to state 27
    DOUBLESTAR        shift, and go to state 30
    DOUBLEUNDERSCORE  shift, and go to state 31

    inlineelements  go to state 99
    inlineelement   go to state 61
    link            go to state 62


state 30

   79 inlineelement: DOUBLESTAR . inlineelements DOUBLESTAR

    TEXT              shift, and go to state 6
    SPECIALCHAR       shift, and go to state 7
    LINK              shift, and go to state 16
    BACKTICK          shift, and go to state 17
    EXCLAMATION       shift, and go to state 24
    LEFTSQUARE        shift, and go to state 25
    UNDERSCORE        shift, and go to state 26
    STAR              shift, and go to state 27
    DOUBLESTAR        shift, and go to state 30
    DOUBLEUNDERSCORE  shift, and go to state 31

    inlineelements  go to state 100
    inlineelement   go to state 61
    link            go to state 62


state 31

   80 inlineelement: DOUBLEUNDERSCORE . inlineelements DOUBLEUNDERSCORE

    TEXT              shift, and go to state 6
    SPECIALCHAR       shift, and go to state 7
    LINK              shift, and go to state 16
    BACKTICK          shift, and go to state 17
    EXCLAMATION       shift, and go to state 24
    LEFTSQUARE        shift, and go to state 25
    UNDERSCORE        shift, and go to state 26
    STAR              shift, and go to state 27
    DOUBLESTAR        shift, and go to state 30
    DOUBLEUNDERSCORE  shift, and go to state 31

    inlineelements  go to state 101
    inlineelement   go to state 61
    link            go to state 62


state 32

   39 line_ol: OLSTART . inlineelements LINEBREAK
   40        | OLSTART . LINEBREAK

    TEXT              shift, and go to state 6
    SPECIALCHAR       shift, and go to state 7
    LINK              shift, and go to state 16
    BACKTICK          shift, and go to state 17
    EXCLAMATION       shift, and go to state 24
    LEFTSQUARE        shift, and go to state 25
    UNDERSCORE        shift, and go to state 26
    STAR              shift, and go to state 27
    LINEBREAK         shift, and go to state 102
    DOUBLESTAR        shift, and go to state 30
    DOUBLEUNDERSCORE  shift, and go to state 31

    inlineelements  go to state 103
    inlineelement   go to state 61
    link            go to state 62


state 33

   29 line_ul: ULSTART . inlineelements LINEBREAK
   30        | ULSTART . LINEBREAK

    TEXT              shift, and go to state 6
    SPECIALCHAR       shift, and go to state 7
    LINK              shift, and go to state 16
    BACKTICK          shift, and go to state 17
    EXCLAMATION       shift, and go to state 24
    LEFTSQUARE        shift, and go to state 25
    UNDERSCORE        shift, and go to state 26
    STAR              shift, and go to state 27
    LINEBREAK         shift, and go to state 104
    DOUBLESTAR        shift, and go to state 30
    DOUBLEUNDERSCORE  shift, and go to state 31

    inlineelements  go to state 105
    inlineelement   go to state 61
    link            go to state 62


state 34

   47 line: QUOTEBLANKLINE .

    $default  reduce using rule 47 (line)


state 35

   46 line_quote_ol: QUOTEOLSTART . inlineelements LINEBREAK

    TEXT              shift, and go to state 6
    SPECIALCHAR       shift, and go to state 7
    LINK              shift, and go to state 16
    BACKTICK          shift, and go to state 17
    EXCLAMATION       shift, and go to state 24
    LEFTSQUARE        shift, and go to state 25
    UNDERSCORE        shift, and go to state 26
    STAR              shift, and go to state 27
    DOUBLESTAR        shift, and go to state 30
    DOUBLEUNDERSCORE  shift, and go to state 31

    inlineelements  go to state 106
    inlineelement   go to state 61
    link            go to state 62


state 36

   36 line_quote_ul: QUOTEULSTART . inlineelements LINEBREAK

    TEXT              shift, and go to state 6
    SPECIALCHAR       shift, and go to state 7
    LINK              shift, and go to state 16
    BACKTICK          shift, and go to state 17
    EXCLAMATION       shift, and go to state 24
    LEFTSQUARE        shift, and go to state 25
    UNDERSCORE        shift, and go to state 26
    STAR              shift, and go to state 27
    DOUBLESTAR        shift, and go to state 30
    DOUBLEUNDERSCORE  shift, and go to state 31

    inlineelements  go to state 107
    inlineelement   go to state 61
    link            go to state 62


state 37

    3 blocks: blocks block .

    $default  reduce using rule 3 (blocks)


state 38

    5 block: lines .
   16 lines: lines . line

    error           shift, and go to state 5
    H               shift, and go to state 8
    QUOTEH          shift, and go to state 9
    HTMLBLOCK       shift, and go to state 10
    SECTION         shift, and go to state 11
    VSECTION        shift, and go to state 12
    SCRIPTSTART     shift, and go to state 13
    STYLESTART      shift, and go to state 14
    SVGSTART        shift, and go to state 15
    TRIPLEBACKTICK  shift, and go to state 18
    TEXTINDENT      shift, and go to state 22
    CODEINDENT      shift, and go to state 23
    QUOTEBLANKLINE  shift, and go to state 34

    $end              reduce using rule 5 (block)
    error             [reduce using rule 5 (block)]
    TEXT              reduce using rule 5 (block)
    SPECIALCHAR       reduce using rule 5 (block)
    H                 [reduce using rule 5 (block)]
    QUOTEH            [reduce using rule 5 (block)]
    HTMLBLOCK         [reduce using rule 5 (block)]
    SECTION           [reduce using rule 5 (block)]
    VSECTION          [reduce using rule 5 (block)]
    SCRIPTSTART       [reduce using rule 5 (block)]
    STYLESTART        [reduce using rule 5 (block)]
    SVGSTART          [reduce using rule 5 (block)]
    LINK              reduce using rule 5 (block)
    BACKTICK          reduce using rule 5 (block)
    TRIPLEBACKTICK    [reduce using rule 5 (block)]
    TABLEROWSTART     reduce using rule 5 (block)
    ULINDENT          reduce using rule 5 (block)
    OLINDENT          reduce using rule 5 (block)
    TEXTINDENT        [reduce using rule 5 (block)]
    CODEINDENT        [reduce using rule 5 (block)]
    EXCLAMATION       reduce using rule 5 (block)
    LEFTSQUARE        reduce using rule 5 (block)
    UNDERSCORE        reduce using rule 5 (block)
    STAR              reduce using rule 5 (block)
    BLANKLINE         reduce using rule 5 (block)
    LARGERTHAN        reduce using rule 5 (block)
    DOUBLESTAR        reduce using rule 5 (block)
    DOUBLEUNDERSCORE  reduce using rule 5 (block)
    OLSTART           reduce using rule 5 (block)
    ULSTART           reduce using rule 5 (block)
    QUOTEBLANKLINE    [reduce using rule 5 (block)]
    QUOTEOLSTART      reduce using rule 5 (block)
    QUOTEULSTART      reduce using rule 5 (block)

    line  go to state 108


state 39

    7 block: block_p .
   18 block_p: block_p . line_p

    TEXT              shift, and go to state 6
    SPECIALCHAR       shift, and go to state 7
    LINK              shift, and go to state 16
    BACKTICK          shift, and go to state 17
    EXCLAMATION       shift, and go to state 24
    LEFTSQUARE        shift, and go to state 25
    UNDERSCORE        shift, and go to state 26
    STAR              shift, and go to state 27
    DOUBLESTAR        shift, and go to state 30
    DOUBLEUNDERSCORE  shift, and go to state 31

    TEXT              [reduce using rule 7 (block)]
    SPECIALCHAR       [reduce using rule 7 (block)]
    LINK              [reduce using rule 7 (block)]
    BACKTICK          [reduce using rule 7 (block)]
    EXCLAMATION       [reduce using rule 7 (block)]
    LEFTSQUARE        [reduce using rule 7 (block)]
    UNDERSCORE        [reduce using rule 7 (block)]
    STAR              [reduce using rule 7 (block)]
    DOUBLESTAR        [reduce using rule 7 (block)]
    DOUBLEUNDERSCORE  [reduce using rule 7 (block)]
    $default          reduce using rule 7 (block)

    line_p          go to state 109
    inlineelements  go to state 60
    inlineelement   go to state 61
    link            go to state 62


state 40

   19 block_p: line_p .

    $default  reduce using rule 19 (block_p)


state 41

   14 block: block_blank .
   21 block_blank: block_blank . line_blank

    BLANKLINE  shift, and go to state 28

    BLANKLINE  [reduce using rule 14 (block)]
    $default   reduce using rule 14 (block)

    line_blank  go to state 110


state 42

   22 block_blank: line_blank .

    $default  reduce using rule 22 (block_blank)


state 43

   15 block: block_quote_p .
   24 block_quote_p: block_quote_p . line_quote_p

    LARGERTHAN  shift, and go to state 29

    LARGERTHAN  [reduce using rule 15 (block)]
    $default    reduce using rule 15 (block)

    line_quote_p  go to state 111


state 44

   25 block_quote_p: line_quote_p .

    $default  reduce using rule 25 (block_quote_p)


state 45

    8 block: block_ul .
   27 block_ul: block_ul . line_ul

    ULSTART  shift, and go to state 33

    ULSTART   [reduce using rule 8 (block)]
    $default  reduce using rule 8 (block)

    line_ul  go to state 112


state 46

   28 block_ul: line_ul .

    $default  reduce using rule 28 (block_ul)


state 47

    9 block: block_indent_ul .
   31 block_indent_ul: block_indent_ul . line_indent_ul

    ULINDENT  shift, and go to state 20

    ULINDENT  [reduce using rule 9 (block)]
    $default  reduce using rule 9 (block)

    line_indent_ul  go to state 113


state 48

   32 block_indent_ul: line_indent_ul .

    $default  reduce using rule 32 (block_indent_ul)


state 49

   10 block: block_quote_ul .
   34 block_quote_ul: block_quote_ul . line_quote_ul

    QUOTEULSTART  shift, and go to state 36

    QUOTEULSTART  [reduce using rule 10 (block)]
    $default      reduce using rule 10 (block)

    line_quote_ul  go to state 114


state 50

   35 block_quote_ul: line_quote_ul .

    $default  reduce using rule 35 (block_quote_ul)


state 51

   11 block: block_ol .
   37 block_ol: block_ol . line_ol

    OLSTART  shift, and go to state 32

    OLSTART   [reduce using rule 11 (block)]
    $default  reduce using rule 11 (block)

    line_ol  go to state 115


state 52

   38 block_ol: line_ol .

    $default  reduce using rule 38 (block_ol)


state 53

   12 block: block_indent_ol .
   41 block_indent_ol: block_indent_ol . line_indent_ol

    OLINDENT  shift, and go to state 21

    OLINDENT  [reduce using rule 12 (block)]
    $default  reduce using rule 12 (block)

    line_indent_ol  go to state 116


state 54

   42 block_indent_ol: line_indent_ol .

    $default  reduce using rule 42 (block_indent_ol)


state 55

   13 block: block_quote_ol .
   44 block_quote_ol: block_quote_ol . line_quote_ol

    QUOTEOLSTART  shift, and go to state 35

    QUOTEOLSTART  [reduce using rule 13 (block)]
    $default      reduce using rule 13 (block)

    line_quote_ol  go to state 117


state 56

   45 block_quote_ol: line_quote_ol .

    $default  reduce using rule 45 (block_quote_ol)


state 57

   17 lines: line .

    $default  reduce using rule 17 (lines)


state 58

    6 block: tablerows .
   67 tablerows: tablerows . tablerow

    TABLEROWSTART  shift, and go to state 19

    TABLEROWSTART  [reduce using rule 6 (block)]
    $default       reduce using rule 6 (block)

    tablerow  go to state 118


state 59

   68 tablerows: tablerow .

    $default  reduce using rule 68 (tablerows)


state 60

   20 line_p: inlineelements . LINEBREAK
   73 inlineelements: inlineelements . inlineelement

    TEXT              shift, and go to state 6
    SPECIALCHAR       shift, and go to state 7
    LINK              shift, and go to state 16
    BACKTICK          shift, and go to state 17
    EXCLAMATION       shift, and go to state 24
    LEFTSQUARE        shift, and go to state 25
    UNDERSCORE        shift, and go to state 26
    STAR              shift, and go to state 27
    LINEBREAK         shift, and go to state 119
    DOUBLESTAR        shift, and go to state 30
    DOUBLEUNDERSCORE  shift, and go to state 31

    inlineelement  go to state 120
    link           go to state 62


state 61

   74 inlineelements: inlineelement .

    $default  reduce using rule 74 (inlineelements)


state 62

   86 inlineelement: link .

    $default  reduce using rule 86 (inlineelement)


state 63

   66 line: error LINEBREAK .

    $default  reduce using rule 66 (line)


state 64

   50 line: H headertext . LINEBREAK
   87 headertext: headertext . TEXT
   88           | headertext . link
   89           | headertext . CODETEXT
   90           | headertext . SPECIALCHAR

    TEXT         shift, and go to state 121
    SPECIALCHAR  shift, and go to state 122
    CODETEXT     shift, and go to state 123
    LINK         shift, and go to state 16
    LINEBREAK    shift, and go to state 124

    link  go to state 125


state 65

   95 text_list: TEXT .

    $default  reduce using rule 95 (text_list)


state 66

   96 text_list: SPECIALCHAR .

    $default  reduce using rule 96 (text_list)


state 67

   51 line: QUOTEH plaintext . LINEBREAK
   93 plaintext: plaintext . text_list

    TEXT         shift, and go to state 65
    SPECIALCHAR  shift, and go to state 66
    LINEBREAK    shift, and go to state 126

    text_list  go to state 127


state 68

   94 plaintext: text_list .

    $default  reduce using rule 94 (plaintext)


state 69

   56 line: HTMLBLOCK TEXT . LINEBREAK

    LINEBREAK  shift, and go to state 128


state 70

   57 line: HTMLBLOCK LINEBREAK .

    $default  reduce using rule 57 (line)


state 71

   48 line: SECTION LINEBREAK .

    $default  reduce using rule 48 (line)


state 72

   49 line: VSECTION LINEBREAK .

    $default  reduce using rule 49 (line)


state 73

   60 line: SCRIPTSTART error . LINEBREAK

    LINEBREAK  shift, and go to state 129


state 74

   59 line: SCRIPTSTART SCRIPTEND .

    $default  reduce using rule 59 (line)


state 75

   58 line: SCRIPTSTART inlineelements . SCRIPTEND
   73 inlineelements: inlineelements . inlineelement

    TEXT              shift, and go to state 6
    SPECIALCHAR       shift, and go to state 7
    SCRIPTEND         shift, and go to state 130
    LINK              shift, and go to state 16
    BACKTICK          shift, and go to state 17
    EXCLAMATION       shift, and go to state 24
    LEFTSQUARE        shift, and go to state 25
    UNDERSCORE        shift, and go to state 26
    STAR              shift, and go to state 27
    DOUBLESTAR        shift, and go to state 30
    DOUBLEUNDERSCORE  shift, and go to state 31

    inlineelement  go to state 120
    link           go to state 62


state 76

   65 line: STYLESTART STYLEEND .

    $default  reduce using rule 65 (line)


state 77

   64 line: STYLESTART inlineelements . STYLEEND
   73 inlineelements: inlineelements . inlineelement

    TEXT              shift, and go to state 6
    SPECIALCHAR       shift, and go to state 7
    STYLEEND          shift, and go to state 131
    LINK              shift, and go to state 16
    BACKTICK          shift, and go to state 17
    EXCLAMATION       shift, and go to state 24
    LEFTSQUARE        shift, and go to state 25
    UNDERSCORE        shift, and go to state 26
    STAR              shift, and go to state 27
    DOUBLESTAR        shift, and go to state 30
    DOUBLEUNDERSCORE  shift, and go to state 31

    inlineelement  go to state 120
    link           go to state 62


state 78

   63 line: SVGSTART error . LINEBREAK

    LINEBREAK  shift, and go to state 132


state 79

   62 line: SVGSTART SVGEND .

    $default  reduce using rule 62 (line)


state 80

   61 line: SVGSTART inlineelements . SVGEND
   73 inlineelements: inlineelements . inlineelement

    TEXT              shift, and go to state 6
    SPECIALCHAR       shift, and go to state 7
    SVGEND            shift, and go to state 133
    LINK              shift, and go to state 16
    BACKTICK          shift, and go to state 17
    EXCLAMATION       shift, and go to state 24
    LEFTSQUARE        shift, and go to state 25
    UNDERSCORE        shift, and go to state 26
    STAR              shift, and go to state 27
    DOUBLESTAR        shift, and go to state 30
    DOUBLEUNDERSCORE  shift, and go to state 31

    inlineelement  go to state 120
    link           go to state 62


state 81

   83 inlineelement: BACKTICK error .

    $default  reduce using rule 83 (inlineelement)


state 82

  100 code_list: SPECIALCHAR .

    $default  reduce using rule 100 (code_list)


state 83

   99 code_list: CODETEXT .

    $default  reduce using rule 99 (code_list)


state 84

   81 inlineelement: BACKTICK codespan . BACKTICK
   82              | BACKTICK codespan . error
   97 codespan: codespan . code_list

    error        shift, and go to state 134
    SPECIALCHAR  shift, and go to state 82
    CODETEXT     shift, and go to state 83
    BACKTICK     shift, and go to state 135

    code_list  go to state 136


state 85

   98 codespan: code_list .

    $default  reduce using rule 98 (codespan)


state 86

   55 line: TRIPLEBACKTICK error .

    $default  reduce using rule 55 (line)


state 87

   54 line: TRIPLEBACKTICK codespan . TRIPLEBACKTICK LINEBREAK
   97 codespan: codespan . code_list

    SPECIALCHAR     shift, and go to state 82
    CODETEXT        shift, and go to state 83
    TRIPLEBACKTICK  shift, and go to state 137

    code_list  go to state 136


state 88

   69 tablerow: TABLEROWSTART tableceils . LINEBREAK
   70 tableceils: tableceils . tableceil

    TEXT              shift, and go to state 6
    SPECIALCHAR       shift, and go to state 7
    LINK              shift, and go to state 16
    BACKTICK          shift, and go to state 17
    EXCLAMATION       shift, and go to state 24
    LEFTSQUARE        shift, and go to state 25
    UNDERSCORE        shift, and go to state 26
    STAR              shift, and go to state 27
    LINEBREAK         shift, and go to state 138
    DOUBLESTAR        shift, and go to state 30
    DOUBLEUNDERSCORE  shift, and go to state 31

    tableceil       go to state 139
    inlineelements  go to state 90
    inlineelement   go to state 61
    link            go to state 62


state 89

   71 tableceils: tableceil .

    $default  reduce using rule 71 (tableceils)


state 90

   72 tableceil: inlineelements . TABLECEILEND
   73 inlineelements: inlineelements . inlineelement

    TEXT              shift, and go to state 6
    SPECIALCHAR       shift, and go to state 7
    LINK              shift, and go to state 16
    BACKTICK          shift, and go to state 17
    TABLECEILEND      shift, and go to state 140
    EXCLAMATION       shift, and go to state 24
    LEFTSQUARE        shift, and go to state 25
    UNDERSCORE        shift, and go to state 26
    STAR              shift, and go to state 27
    DOUBLESTAR        shift, and go to state 30
    DOUBLEUNDERSCORE  shift, and go to state 31

    inlineelement  go to state 120
    link           go to state 62


state 91

   33 line_indent_ul: ULINDENT ULSTART . inlineelements LINEBREAK

    TEXT              shift, and go to state 6
    SPECIALCHAR       shift, and go to state 7
    LINK              shift, and go to state 16
    BACKTICK          shift, and go to state 17
    EXCLAMATION       shift, and go to state 24
    LEFTSQUARE        shift, and go to state 25
    UNDERSCORE        shift, and go to state 26
    STAR              shift, and go to state 27
    DOUBLESTAR        shift, and go to state 30
    DOUBLEUNDERSCORE  shift, and go to state 31

    inlineelements  go to state 141
    inlineelement   go to state 61
    link            go to state 62


state 92

   43 line_indent_ol: OLINDENT OLSTART . inlineelements LINEBREAK

    TEXT              shift, and go to state 6
    SPECIALCHAR       shift, and go to state 7
    LINK              shift, and go to state 16
    BACKTICK          shift, and go to state 17
    EXCLAMATION       shift, and go to state 24
    LEFTSQUARE        shift, and go to state 25
    UNDERSCORE        shift, and go to state 26
    STAR              shift, and go to state 27
    DOUBLESTAR        shift, and go to state 30
    DOUBLEUNDERSCORE  shift, and go to state 31

    inlineelements  go to state 142
    inlineelement   go to state 61
    link            go to state 62


state 93

   52 line: TEXTINDENT inlineelements . LINEBREAK
   73 inlineelements: inlineelements . inlineelement

    TEXT              shift, and go to state 6
    SPECIALCHAR       shift, and go to state 7
    LINK              shift, and go to state 16
    BACKTICK          shift, and go to state 17
    EXCLAMATION       shift, and go to state 24
    LEFTSQUARE        shift, and go to state 25
    UNDERSCORE        shift, and go to state 26
    STAR              shift, and go to state 27
    LINEBREAK         shift, and go to state 143
    DOUBLESTAR        shift, and go to state 30
    DOUBLEUNDERSCORE  shift, and go to state 31

    inlineelement  go to state 120
    link           go to state 62


state 94

   53 line: CODEINDENT CODETEXT .

    $default  reduce using rule 53 (line)


state 95

   85 inlineelement: EXCLAMATION LEFTSQUARE . plaintext RIGHTSQUARE LEFTPARENTHESES plaintext RIGHTPARENTHESES

    TEXT         shift, and go to state 65
    SPECIALCHAR  shift, and go to state 66

    plaintext  go to state 144
    text_list  go to state 68


state 96

   84 inlineelement: LEFTSQUARE plaintext . RIGHTSQUARE LEFTPARENTHESES plaintext RIGHTPARENTHESES
   93 plaintext: plaintext . text_list

    TEXT         shift, and go to state 65
    SPECIALCHAR  shift, and go to state 66
    RIGHTSQUARE  shift, and go to state 145

    text_list  go to state 127


state 97

   73 inlineelements: inlineelements . inlineelement
   78 inlineelement: UNDERSCORE inlineelements . UNDERSCORE

    TEXT              shift, and go to state 6
    SPECIALCHAR       shift, and go to state 7
    LINK              shift, and go to state 16
    BACKTICK          shift, and go to state 17
    EXCLAMATION       shift, and go to state 24
    LEFTSQUARE        shift, and go to state 25
    UNDERSCORE        shift, and go to state 146
    STAR              shift, and go to state 27
    DOUBLESTAR        shift, and go to state 30
    DOUBLEUNDERSCORE  shift, and go to state 31

    inlineelement  go to state 120
    link           go to state 62


state 98

   73 inlineelements: inlineelements . inlineelement
   77 inlineelement: STAR inlineelements . STAR

    TEXT              shift, and go to state 6
    SPECIALCHAR       shift, and go to state 7
    LINK              shift, and go to state 16
    BACKTICK          shift, and go to state 17
    EXCLAMATION       shift, and go to state 24
    LEFTSQUARE        shift, and go to state 25
    UNDERSCORE        shift, and go to state 26
    STAR              shift, and go to state 147
    DOUBLESTAR        shift, and go to state 30
    DOUBLEUNDERSCORE  shift, and go to state 31

    inlineelement  go to state 120
    link           go to state 62


state 99

   26 line_quote_p: LARGERTHAN inlineelements . LINEBREAK
   73 inlineelements: inlineelements . inlineelement

    TEXT              shift, and go to state 6
    SPECIALCHAR       shift, and go to state 7
    LINK              shift, and go to state 16
    BACKTICK          shift, and go to state 17
    EXCLAMATION       shift, and go to state 24
    LEFTSQUARE        shift, and go to state 25
    UNDERSCORE        shift, and go to state 26
    STAR              shift, and go to state 27
    LINEBREAK         shift, and go to state 148
    DOUBLESTAR        shift, and go to state 30
    DOUBLEUNDERSCORE  shift, and go to state 31

    inlineelement  go to state 120
    link           go to state 62


state 100

   73 inlineelements: inlineelements . inlineelement
   79 inlineelement: DOUBLESTAR inlineelements . DOUBLESTAR

    TEXT              shift, and go to state 6
    SPECIALCHAR       shift, and go to state 7
    LINK              shift, and go to state 16
    BACKTICK          shift, and go to state 17
    EXCLAMATION       shift, and go to state 24
    LEFTSQUARE        shift, and go to state 25
    UNDERSCORE        shift, and go to state 26
    STAR              shift, and go to state 27
    DOUBLESTAR        shift, and go to state 149
    DOUBLEUNDERSCORE  shift, and go to state 31

    inlineelement  go to state 120
    link           go to state 62


state 101

   73 inlineelements: inlineelements . inlineelement
   80 inlineelement: DOUBLEUNDERSCORE inlineelements . DOUBLEUNDERSCORE

    TEXT              shift, and go to state 6
    SPECIALCHAR       shift, and go to state 7
    LINK              shift, and go to state 16
    BACKTICK          shift, and go to state 17
    EXCLAMATION       shift, and go to state 24
    LEFTSQUARE        shift, and go to state 25
    UNDERSCORE        shift, and go to state 26
    STAR              shift, and go to state 27
    DOUBLESTAR        shift, and go to state 30
    DOUBLEUNDERSCORE  shift, and go to state 150

    inlineelement  go to state 120
    link           go to state 62


state 102

   40 line_ol: OLSTART LINEBREAK .

    $default  reduce using rule 40 (line_ol)


state 103

   39 line_ol: OLSTART inlineelements . LINEBREAK
   73 inlineelements: inlineelements . inlineelement

    TEXT              shift, and go to state 6
    SPECIALCHAR       shift, and go to state 7
    LINK              shift, and go to state 16
    BACKTICK          shift, and go to state 17
    EXCLAMATION       shift, and go to state 24
    LEFTSQUARE        shift, and go to state 25
    UNDERSCORE        shift, and go to state 26
    STAR              shift, and go to state 27
    LINEBREAK         shift, and go to state 151
    DOUBLESTAR        shift, and go to state 30
    DOUBLEUNDERSCORE  shift, and go to state 31

    inlineelement  go to state 120
    link           go to state 62


state 104

   30 line_ul: ULSTART LINEBREAK .

    $default  reduce using rule 30 (line_ul)


state 105

   29 line_ul: ULSTART inlineelements . LINEBREAK
   73 inlineelements: inlineelements . inlineelement

    TEXT              shift, and go to state 6
    SPECIALCHAR       shift, and go to state 7
    LINK              shift, and go to state 16
    BACKTICK          shift, and go to state 17
    EXCLAMATION       shift, and go to state 24
    LEFTSQUARE        shift, and go to state 25
    UNDERSCORE        shift, and go to state 26
    STAR              shift, and go to state 27
    LINEBREAK         shift, and go to state 152
    DOUBLESTAR        shift, and go to state 30
    DOUBLEUNDERSCORE  shift, and go to state 31

    inlineelement  go to state 120
    link           go to state 62


state 106

   46 line_quote_ol: QUOTEOLSTART inlineelements . LINEBREAK
   73 inlineelements: inlineelements . inlineelement

    TEXT              shift, and go to state 6
    SPECIALCHAR       shift, and go to state 7
    LINK              shift, and go to state 16
    BACKTICK          shift, and go to state 17
    EXCLAMATION       shift, and go to state 24
    LEFTSQUARE        shift, and go to state 25
    UNDERSCORE        shift, and go to state 26
    STAR              shift, and go to state 27
    LINEBREAK         shift, and go to state 153
    DOUBLESTAR        shift, and go to state 30
    DOUBLEUNDERSCORE  shift, and go to state 31

    inlineelement  go to state 120
    link           go to state 62


state 107

   36 line_quote_ul: QUOTEULSTART inlineelements . LINEBREAK
   73 inlineelements: inlineelements . inlineelement

    TEXT              shift, and go to state 6
    SPECIALCHAR       shift, and go to state 7
    LINK              shift, and go to state 16
    BACKTICK          shift, and go to state 17
    EXCLAMATION       shift, and go to state 24
    LEFTSQUARE        shift, and go to state 25
    UNDERSCORE        shift, and go to state 26
    STAR              shift, and go to state 27
    LINEBREAK         shift, and go to state 154
    DOUBLESTAR        shift, and go to state 30
    DOUBLEUNDERSCORE  shift, and go to state 31

    inlineelement  go to state 120
    link           go to state 62


state 108

   16 lines: lines line .

    $default  reduce using rule 16 (lines)


state 109

   18 block_p: block_p line_p .

    $default  reduce using rule 18 (block_p)


state 110

   21 block_blank: block_blank line_blank .

    $default  reduce using rule 21 (block_blank)


state 111

   24 block_quote_p: block_quote_p line_quote_p .

    $default  reduce using rule 24 (block_quote_p)


state 112

   27 block_ul: block_ul line_ul .

    $default  reduce using rule 27 (block_ul)


state 113

   31 block_indent_ul: block_indent_ul line_indent_ul .

    $default  reduce using rule 31 (block_indent_ul)


state 114

   34 block_quote_ul: block_quote_ul line_quote_ul .

    $default  reduce using rule 34 (block_quote_ul)


state 115

   37 block_ol: block_ol line_ol .

    $default  reduce using rule 37 (block_ol)


state 116

   41 block_indent_ol: block_indent_ol line_indent_ol .

    $default  reduce using rule 41 (block_indent_ol)


state 117

   44 block_quote_ol: block_quote_ol line_quote_ol .

    $default  reduce using rule 44 (block_quote_ol)


state 118

   67 tablerows: tablerows tablerow .

    $default  reduce using rule 67 (tablerows)


state 119

   20 line_p: inlineelements LINEBREAK .

    $default  reduce using rule 20 (line_p)


state 120

   73 inlineelements: inlineelements inlineelement .

    $default  reduce using rule 73 (inlineelements)


state 121

   87 headertext: headertext TEXT .

    $default  reduce using rule 87 (headertext)


state 122

   90 headertext: headertext SPECIALCHAR .

    $default  reduce using rule 90 (headertext)


state 123

   89 headertext: headertext CODETEXT .

    $default  reduce using rule 89 (headertext)


state 124

   50 line: H headertext LINEBREAK .

    $default  reduce using rule 50 (line)


state 125

   88 headertext: headertext link .

    $default  reduce using rule 88 (headertext)


state 126

   51 line: QUOTEH plaintext LINEBREAK .

    $default  reduce using rule 51 (line)


state 127

   93 plaintext: plaintext text_list .

    $default  reduce using rule 93 (plaintext)


state 128

   56 line: HTMLBLOCK TEXT LINEBREAK .

    $default  reduce using rule 56 (line)


state 129

   60 line: SCRIPTSTART error LINEBREAK .

    $default  reduce using rule 60 (line)


state 130

   58 line: SCRIPTSTART inlineelements SCRIPTEND .

    $default  reduce using rule 58 (line)


state 131

   64 line: STYLESTART inlineelements STYLEEND .

    $default  reduce using rule 64 (line)


state 132

   63 line: SVGSTART error LINEBREAK .

    $default  reduce using rule 63 (line)


state 133

   61 line: SVGSTART inlineelements SVGEND .

    $default  reduce using rule 61 (line)


state 134

   82 inlineelement: BACKTICK codespan error .

    $default  reduce using rule 82 (inlineelement)


state 135

   81 inlineelement: BACKTICK codespan BACKTICK .

    $default  reduce using rule 81 (inlineelement)


state 136

   97 codespan: codespan code_list .

    $default  reduce using rule 97 (codespan)


state 137

   54 line: TRIPLEBACKTICK codespan TRIPLEBACKTICK . LINEBREAK

    LINEBREAK  shift, and go to state 155


state 138

   69 tablerow: TABLEROWSTART tableceils LINEBREAK .

    $default  reduce using rule 69 (tablerow)


state 139

   70 tableceils: tableceils tableceil .

    $default  reduce using rule 70 (tableceils)


state 140

   72 tableceil: inlineelements TABLECEILEND .

    $default  reduce using rule 72 (tableceil)


state 141

   33 line_indent_ul: ULINDENT ULSTART inlineelements . LINEBREAK
   73 inlineelements: inlineelements . inlineelement

    TEXT              shift, and go to state 6
    SPECIALCHAR       shift, and go to state 7
    LINK              shift, and go to state 16
    BACKTICK          shift, and go to state 17
    EXCLAMATION       shift, and go to state 24
    LEFTSQUARE        shift, and go to state 25
    UNDERSCORE        shift, and go to state 26
    STAR              shift, and go to state 27
    LINEBREAK         shift, and go to state 156
    DOUBLESTAR        shift, and go to state 30
    DOUBLEUNDERSCORE  shift, and go to state 31

    inlineelement  go to state 120
    link           go to state 62


state 142

   43 line_indent_ol: OLINDENT OLSTART inlineelements . LINEBREAK
   73 inlineelements: inlineelements . inlineelement

    TEXT              shift, and go to state 6
    SPECIALCHAR       shift, and go to state 7
    LINK              shift, and go to state 16
    BACKTICK          shift, and go to state 17
    EXCLAMATION       shift, and go to state 24
    LEFTSQUARE        shift, and go to state 25
    UNDERSCORE        shift, and go to state 26
    STAR              shift, and go to state 27
    LINEBREAK         shift, and go to state 157
    DOUBLESTAR        shift, and go to state 30
    DOUBLEUNDERSCORE  shift, and go to state 31

    inlineelement  go to state 120
    link           go to state 62


state 143

   52 line: TEXTINDENT inlineelements LINEBREAK .

    $default  reduce using rule 52 (line)


state 144

   85 inlineelement: EXCLAMATION LEFTSQUARE plaintext . RIGHTSQUARE LEFTPARENTHESES plaintext RIGHTPARENTHESES
   93 plaintext: plaintext . text_list

    TEXT         shift, and go to state 65
    SPECIALCHAR  shift, and go to state 66
    RIGHTSQUARE  shift, and go to state 158

    text_list  go to state 127


state 145

   84 inlineelement: LEFTSQUARE plaintext RIGHTSQUARE . LEFTPARENTHESES plaintext RIGHTPARENTHESES

    LEFTPARENTHESES  shift, and go to state 159


state 146

   78 inlineelement: UNDERSCORE . inlineelements UNDERSCORE
   78              | UNDERSCORE inlineelements UNDERSCORE .

    LINK  shift, and go to state 16

    LINK      [reduce using rule 78 (inlineelement)]
    $default  reduce using rule 78 (inlineelement)

    inlineelements  go to state 97
    inlineelement   go to state 61
    link            go to state 62


state 147

   77 inlineelement: STAR . inlineelements STAR
   77              | STAR inlineelements STAR .

    LINK  shift, and go to state 16

    LINK      [reduce using rule 77 (inlineelement)]
    $default  reduce using rule 77 (inlineelement)

    inlineelements  go to state 98
    inlineelement   go to state 61
    link            go to state 62


state 148

   26 line_quote_p: LARGERTHAN inlineelements LINEBREAK .

    $default  reduce using rule 26 (line_quote_p)


state 149

   79 inlineelement: DOUBLESTAR . inlineelements DOUBLESTAR
   79              | DOUBLESTAR inlineelements DOUBLESTAR .

    LINK  shift, and go to state 16

    LINK      [reduce using rule 79 (inlineelement)]
    $default  reduce using rule 79 (inlineelement)

    inlineelements  go to state 100
    inlineelement   go to state 61
    link            go to state 62


state 150

   80 inlineelement: DOUBLEUNDERSCORE . inlineelements DOUBLEUNDERSCORE
   80              | DOUBLEUNDERSCORE inlineelements DOUBLEUNDERSCORE .

    LINK  shift, and go to state 16

    LINK      [reduce using rule 80 (inlineelement)]
    $default  reduce using rule 80 (inlineelement)

    inlineelements  go to state 101
    inlineelement   go to state 61
    link            go to state 62


state 151

   39 line_ol: OLSTART inlineelements LINEBREAK .

    $default  reduce using rule 39 (line_ol)


state 152

   29 line_ul: ULSTART inlineelements LINEBREAK .

    $default  reduce using rule 29 (line_ul)


state 153

   46 line_quote_ol: QUOTEOLSTART inlineelements LINEBREAK .

    $default  reduce using rule 46 (line_quote_ol)


state 154

   36 line_quote_ul: QUOTEULSTART inlineelements LINEBREAK .

    $default  reduce using rule 36 (line_quote_ul)


state 155

   54 line: TRIPLEBACKTICK codespan TRIPLEBACKTICK LINEBREAK .

    $default  reduce using rule 54 (line)


state 156

   33 line_indent_ul: ULINDENT ULSTART inlineelements LINEBREAK .

    $default  reduce using rule 33 (line_indent_ul)


state 157

   43 line_indent_ol: OLINDENT OLSTART inlineelements LINEBREAK .

    $default  reduce using rule 43 (line_indent_ol)


state 158

   85 inlineelement: EXCLAMATION LEFTSQUARE plaintext RIGHTSQUARE . LEFTPARENTHESES plaintext RIGHTPARENTHESES

    LEFTPARENTHESES  shift, and go to state 160


state 159

   84 inlineelement: LEFTSQUARE plaintext RIGHTSQUARE LEFTPARENTHESES . plaintext RIGHTPARENTHESES

    TEXT         shift, and go to state 65
    SPECIALCHAR  shift, and go to state 66

    plaintext  go to state 161
    text_list  go to state 68


state 160

   85 inlineelement: EXCLAMATION LEFTSQUARE plaintext RIGHTSQUARE LEFTPARENTHESES . plaintext RIGHTPARENTHESES

    TEXT         shift, and go to state 65
    SPECIALCHAR  shift, and go to state 66

    plaintext  go to state 162
    text_list  go to state 68


state 161

   84 inlineelement: LEFTSQUARE plaintext RIGHTSQUARE LEFTPARENTHESES plaintext . RIGHTPARENTHESES
   93 plaintext: plaintext . text_list

    TEXT              shift, and go to state 65
    SPECIALCHAR       shift, and go to state 66
    RIGHTPARENTHESES  shift, and go to state 163

    text_list  go to state 127


state 162

   85 inlineelement: EXCLAMATION LEFTSQUARE plaintext RIGHTSQUARE LEFTPARENTHESES plaintext . RIGHTPARENTHESES
   93 plaintext: plaintext . text_list

    TEXT              shift, and go to state 65
    SPECIALCHAR       shift, and go to state 66
    RIGHTPARENTHESES  shift, and go to state 164

    text_list  go to state 127


state 163

   84 inlineelement: LEFTSQUARE plaintext RIGHTSQUARE LEFTPARENTHESES plaintext RIGHTPARENTHESES .

    $default  reduce using rule 84 (inlineelement)


state 164

   85 inlineelement: EXCLAMATION LEFTSQUARE plaintext RIGHTSQUARE LEFTPARENTHESES plaintext RIGHTPARENTHESES .

    $default  reduce using rule 85 (inlineelement)
